Training Configuration:
Model: resnet50
Batch size: 128
Epochs: 100
Learning rate: 0.001
Weight decay: 0.0003
Scheduler: cosine
Pretrained: False
Device: cuda

Epoch [1/100] Train Loss: 4.5120, Train Acc: 2.29%, Test Loss: 4.4077, Test Acc: 4.01%
Epoch [2/100] Train Loss: 4.3297, Train Acc: 4.57%, Test Loss: 4.1877, Test Acc: 5.76%
Epoch [3/100] Train Loss: 4.0738, Train Acc: 7.48%, Test Loss: 3.9377, Test Acc: 10.06%
Epoch [4/100] Train Loss: 3.8744, Train Acc: 10.30%, Test Loss: 3.7775, Test Acc: 11.90%
Epoch [5/100] Train Loss: 3.7315, Train Acc: 12.69%, Test Loss: 3.6607, Test Acc: 13.88%
Epoch [6/100] Train Loss: 3.6124, Train Acc: 14.58%, Test Loss: 3.5425, Test Acc: 16.08%
Epoch [7/100] Train Loss: 3.5042, Train Acc: 16.46%, Test Loss: 3.4348, Test Acc: 18.19%
Epoch [8/100] Train Loss: 3.4136, Train Acc: 17.88%, Test Loss: 3.3333, Test Acc: 19.58%
Epoch [9/100] Train Loss: 3.3141, Train Acc: 19.83%, Test Loss: 3.2605, Test Acc: 21.46%
Epoch [10/100] Train Loss: 3.2264, Train Acc: 21.53%, Test Loss: 3.1989, Test Acc: 22.62%
Epoch [11/100] Train Loss: 3.1438, Train Acc: 23.05%, Test Loss: 3.1192, Test Acc: 23.70%
Epoch [12/100] Train Loss: 3.0690, Train Acc: 24.51%, Test Loss: 3.0337, Test Acc: 25.61%
Epoch [13/100] Train Loss: 2.9914, Train Acc: 25.84%, Test Loss: 2.9773, Test Acc: 26.60%
Epoch [14/100] Train Loss: 2.9231, Train Acc: 26.94%, Test Loss: 2.9396, Test Acc: 27.85%
Epoch [15/100] Train Loss: 2.8627, Train Acc: 28.05%, Test Loss: 2.8655, Test Acc: 29.24%
Epoch [16/100] Train Loss: 2.7969, Train Acc: 29.32%, Test Loss: 2.8345, Test Acc: 29.25%
Epoch [17/100] Train Loss: 2.7391, Train Acc: 30.48%, Test Loss: 2.7546, Test Acc: 30.68%
Epoch [18/100] Train Loss: 2.6835, Train Acc: 31.75%, Test Loss: 2.7324, Test Acc: 30.75%
Epoch [19/100] Train Loss: 2.6311, Train Acc: 32.94%, Test Loss: 2.7048, Test Acc: 32.14%
Epoch [20/100] Train Loss: 2.5752, Train Acc: 33.76%, Test Loss: 2.6419, Test Acc: 33.26%
Epoch [21/100] Train Loss: 2.5219, Train Acc: 34.89%, Test Loss: 2.6105, Test Acc: 34.27%
Epoch [22/100] Train Loss: 2.4697, Train Acc: 35.94%, Test Loss: 2.5629, Test Acc: 34.67%
Epoch [23/100] Train Loss: 2.4135, Train Acc: 37.20%, Test Loss: 2.5125, Test Acc: 36.10%
Epoch [24/100] Train Loss: 2.3613, Train Acc: 38.08%, Test Loss: 2.4747, Test Acc: 36.32%
Epoch [25/100] Train Loss: 2.3161, Train Acc: 39.17%, Test Loss: 2.4406, Test Acc: 37.66%
Epoch [26/100] Train Loss: 2.2698, Train Acc: 40.20%, Test Loss: 2.3857, Test Acc: 38.71%
Epoch [27/100] Train Loss: 2.2138, Train Acc: 41.42%, Test Loss: 2.3817, Test Acc: 38.93%
Epoch [28/100] Train Loss: 2.1647, Train Acc: 42.29%, Test Loss: 2.3654, Test Acc: 39.43%
Epoch [29/100] Train Loss: 2.1247, Train Acc: 43.20%, Test Loss: 2.3028, Test Acc: 40.78%
Epoch [30/100] Train Loss: 2.0853, Train Acc: 44.17%, Test Loss: 2.2838, Test Acc: 40.92%
Epoch [31/100] Train Loss: 2.0406, Train Acc: 45.15%, Test Loss: 2.2902, Test Acc: 40.55%
Epoch [32/100] Train Loss: 1.9992, Train Acc: 46.24%, Test Loss: 2.2140, Test Acc: 41.88%
Epoch [33/100] Train Loss: 1.9651, Train Acc: 46.72%, Test Loss: 2.2109, Test Acc: 42.67%
Epoch [34/100] Train Loss: 1.9187, Train Acc: 48.00%, Test Loss: 2.1934, Test Acc: 43.23%
Epoch [35/100] Train Loss: 1.8946, Train Acc: 48.42%, Test Loss: 2.2109, Test Acc: 43.05%
Epoch [36/100] Train Loss: 1.8566, Train Acc: 49.41%, Test Loss: 2.1542, Test Acc: 44.17%
Epoch [37/100] Train Loss: 1.8194, Train Acc: 50.33%, Test Loss: 2.1094, Test Acc: 45.11%
Epoch [38/100] Train Loss: 1.7848, Train Acc: 50.99%, Test Loss: 2.1269, Test Acc: 44.92%
Epoch [39/100] Train Loss: 1.7509, Train Acc: 51.79%, Test Loss: 2.1037, Test Acc: 45.24%
Epoch [40/100] Train Loss: 1.7191, Train Acc: 52.74%, Test Loss: 2.1032, Test Acc: 45.77%
Epoch [41/100] Train Loss: 1.6842, Train Acc: 53.37%, Test Loss: 2.0643, Test Acc: 46.50%
Epoch [42/100] Train Loss: 1.6589, Train Acc: 54.04%, Test Loss: 2.0952, Test Acc: 46.25%
Epoch [43/100] Train Loss: 1.6280, Train Acc: 54.87%, Test Loss: 2.0588, Test Acc: 46.76%
Epoch [44/100] Train Loss: 1.6014, Train Acc: 55.40%, Test Loss: 2.0796, Test Acc: 46.54%
Epoch [45/100] Train Loss: 1.5767, Train Acc: 55.97%, Test Loss: 2.0765, Test Acc: 46.60%
Epoch [46/100] Train Loss: 1.5528, Train Acc: 56.75%, Test Loss: 2.0215, Test Acc: 47.68%
Epoch [47/100] Train Loss: 1.5259, Train Acc: 57.18%, Test Loss: 2.0313, Test Acc: 47.77%
Epoch [48/100] Train Loss: 1.5027, Train Acc: 57.65%, Test Loss: 2.0576, Test Acc: 47.36%
Epoch [49/100] Train Loss: 1.4739, Train Acc: 58.91%, Test Loss: 2.0079, Test Acc: 48.42%
Epoch [50/100] Train Loss: 1.4540, Train Acc: 59.18%, Test Loss: 2.0119, Test Acc: 48.17%
Epoch [51/100] Train Loss: 1.4271, Train Acc: 59.77%, Test Loss: 2.0133, Test Acc: 48.61%
Epoch [52/100] Train Loss: 1.4063, Train Acc: 60.36%, Test Loss: 2.0011, Test Acc: 48.64%
Epoch [53/100] Train Loss: 1.3766, Train Acc: 60.89%, Test Loss: 1.9881, Test Acc: 48.78%
Epoch [54/100] Train Loss: 1.3558, Train Acc: 61.67%, Test Loss: 2.0094, Test Acc: 48.33%
Epoch [55/100] Train Loss: 1.3315, Train Acc: 62.21%, Test Loss: 1.9946, Test Acc: 49.32%
Epoch [56/100] Train Loss: 1.3215, Train Acc: 62.48%, Test Loss: 1.9856, Test Acc: 49.67%
Epoch [57/100] Train Loss: 1.2962, Train Acc: 62.89%, Test Loss: 1.9598, Test Acc: 49.86%
Epoch [58/100] Train Loss: 1.2802, Train Acc: 63.45%, Test Loss: 2.0008, Test Acc: 49.53%
Epoch [59/100] Train Loss: 1.2595, Train Acc: 63.99%, Test Loss: 1.9961, Test Acc: 49.67%
Epoch [60/100] Train Loss: 1.2402, Train Acc: 64.64%, Test Loss: 1.9779, Test Acc: 50.21%
Epoch [61/100] Train Loss: 1.2237, Train Acc: 65.01%, Test Loss: 1.9764, Test Acc: 50.47%
Epoch [62/100] Train Loss: 1.2111, Train Acc: 65.60%, Test Loss: 1.9887, Test Acc: 50.19%
Epoch [63/100] Train Loss: 1.1870, Train Acc: 66.00%, Test Loss: 1.9801, Test Acc: 50.37%
Epoch [64/100] Train Loss: 1.1758, Train Acc: 66.31%, Test Loss: 1.9573, Test Acc: 50.64%
Epoch [65/100] Train Loss: 1.1576, Train Acc: 66.78%, Test Loss: 1.9672, Test Acc: 50.13%
Epoch [66/100] Train Loss: 1.1380, Train Acc: 67.44%, Test Loss: 1.9645, Test Acc: 50.88%
Epoch [67/100] Train Loss: 1.1318, Train Acc: 67.81%, Test Loss: 1.9717, Test Acc: 50.95%
Epoch [68/100] Train Loss: 1.1189, Train Acc: 68.13%, Test Loss: 1.9512, Test Acc: 51.20%
Epoch [69/100] Train Loss: 1.0979, Train Acc: 68.57%, Test Loss: 1.9631, Test Acc: 51.02%
Epoch [70/100] Train Loss: 1.0870, Train Acc: 68.58%, Test Loss: 1.9603, Test Acc: 51.25%
Epoch [71/100] Train Loss: 1.0766, Train Acc: 69.13%, Test Loss: 1.9646, Test Acc: 51.34%
Epoch [72/100] Train Loss: 1.0636, Train Acc: 69.38%, Test Loss: 1.9686, Test Acc: 50.82%
Epoch [73/100] Train Loss: 1.0562, Train Acc: 69.65%, Test Loss: 1.9819, Test Acc: 51.02%
Epoch [74/100] Train Loss: 1.0426, Train Acc: 70.08%, Test Loss: 1.9610, Test Acc: 51.41%
Epoch [75/100] Train Loss: 1.0376, Train Acc: 70.29%, Test Loss: 1.9624, Test Acc: 51.29%
Early stopping triggered
Training completed. Best accuracy: 51.41%
Average epoch duration: 21.34 s
