Training Configuration:
Model: resnet50
Batch size: 256
Epochs: 100
Learning rate: 0.001
Weight decay: 0.0003
Scheduler: cosine
Pretrained: False
Device: cuda

Epoch [1/100] Train Loss: 4.5498, Train Acc: 1.93%, Test Loss: 4.4568, Test Acc: 3.13%
Epoch [2/100] Train Loss: 4.4141, Train Acc: 3.56%, Test Loss: 4.3555, Test Acc: 4.69%
Epoch [3/100] Train Loss: 4.2970, Train Acc: 5.23%, Test Loss: 4.1953, Test Acc: 6.29%
Epoch [4/100] Train Loss: 4.1191, Train Acc: 6.96%, Test Loss: 4.0494, Test Acc: 8.29%
Epoch [5/100] Train Loss: 3.9970, Train Acc: 8.71%, Test Loss: 3.9342, Test Acc: 9.74%
Epoch [6/100] Train Loss: 3.9009, Train Acc: 10.35%, Test Loss: 3.8445, Test Acc: 11.95%
Epoch [7/100] Train Loss: 3.8143, Train Acc: 11.51%, Test Loss: 3.7819, Test Acc: 12.53%
Epoch [8/100] Train Loss: 3.7446, Train Acc: 12.78%, Test Loss: 3.7012, Test Acc: 13.92%
Epoch [9/100] Train Loss: 3.6698, Train Acc: 13.93%, Test Loss: 3.6348, Test Acc: 14.87%
Epoch [10/100] Train Loss: 3.6061, Train Acc: 15.09%, Test Loss: 3.5713, Test Acc: 15.91%
Epoch [11/100] Train Loss: 3.5486, Train Acc: 16.00%, Test Loss: 3.5262, Test Acc: 16.75%
Epoch [12/100] Train Loss: 3.4991, Train Acc: 16.85%, Test Loss: 3.4720, Test Acc: 18.10%
Epoch [13/100] Train Loss: 3.4472, Train Acc: 17.81%, Test Loss: 3.4232, Test Acc: 18.68%
Epoch [14/100] Train Loss: 3.3971, Train Acc: 18.41%, Test Loss: 3.3765, Test Acc: 19.75%
Epoch [15/100] Train Loss: 3.3473, Train Acc: 19.40%, Test Loss: 3.3157, Test Acc: 20.59%
Epoch [16/100] Train Loss: 3.3004, Train Acc: 20.25%, Test Loss: 3.2721, Test Acc: 21.46%
Epoch [17/100] Train Loss: 3.2495, Train Acc: 21.12%, Test Loss: 3.2432, Test Acc: 21.39%
Epoch [18/100] Train Loss: 3.2076, Train Acc: 22.09%, Test Loss: 3.2189, Test Acc: 22.46%
Epoch [19/100] Train Loss: 3.1572, Train Acc: 22.76%, Test Loss: 3.1509, Test Acc: 23.76%
Epoch [20/100] Train Loss: 3.1168, Train Acc: 23.54%, Test Loss: 3.1182, Test Acc: 24.26%
Epoch [21/100] Train Loss: 3.0691, Train Acc: 24.38%, Test Loss: 3.1041, Test Acc: 24.56%
Epoch [22/100] Train Loss: 3.0293, Train Acc: 25.22%, Test Loss: 3.0399, Test Acc: 25.60%
Epoch [23/100] Train Loss: 2.9874, Train Acc: 26.08%, Test Loss: 3.0155, Test Acc: 26.03%
Epoch [24/100] Train Loss: 2.9471, Train Acc: 26.70%, Test Loss: 2.9802, Test Acc: 26.89%
Epoch [25/100] Train Loss: 2.9119, Train Acc: 27.45%, Test Loss: 2.9394, Test Acc: 27.25%
Epoch [26/100] Train Loss: 2.8725, Train Acc: 28.09%, Test Loss: 2.9275, Test Acc: 27.19%
Epoch [27/100] Train Loss: 2.8355, Train Acc: 28.96%, Test Loss: 2.8922, Test Acc: 27.70%
Epoch [28/100] Train Loss: 2.8066, Train Acc: 29.52%, Test Loss: 2.8525, Test Acc: 29.26%
Epoch [29/100] Train Loss: 2.7742, Train Acc: 30.25%, Test Loss: 2.8426, Test Acc: 29.49%
Epoch [30/100] Train Loss: 2.7433, Train Acc: 30.33%, Test Loss: 2.8070, Test Acc: 29.96%
Epoch [31/100] Train Loss: 2.7076, Train Acc: 31.33%, Test Loss: 2.7914, Test Acc: 30.04%
Epoch [32/100] Train Loss: 2.6771, Train Acc: 31.82%, Test Loss: 2.7511, Test Acc: 31.32%
Epoch [33/100] Train Loss: 2.6493, Train Acc: 32.40%, Test Loss: 2.7455, Test Acc: 30.92%
Epoch [34/100] Train Loss: 2.6319, Train Acc: 32.97%, Test Loss: 2.7211, Test Acc: 31.76%
Epoch [35/100] Train Loss: 2.6009, Train Acc: 33.36%, Test Loss: 2.7271, Test Acc: 31.93%
Epoch [36/100] Train Loss: 2.5766, Train Acc: 33.87%, Test Loss: 2.6849, Test Acc: 32.62%
Epoch [37/100] Train Loss: 2.5518, Train Acc: 34.38%, Test Loss: 2.6595, Test Acc: 33.23%
Epoch [38/100] Train Loss: 2.5227, Train Acc: 34.97%, Test Loss: 2.6420, Test Acc: 33.52%
Epoch [39/100] Train Loss: 2.4942, Train Acc: 35.70%, Test Loss: 2.6313, Test Acc: 33.59%
Epoch [40/100] Train Loss: 2.4755, Train Acc: 35.94%, Test Loss: 2.6396, Test Acc: 33.53%
Epoch [41/100] Train Loss: 2.4505, Train Acc: 36.52%, Test Loss: 2.5835, Test Acc: 35.20%
Epoch [42/100] Train Loss: 2.4299, Train Acc: 36.97%, Test Loss: 2.5842, Test Acc: 34.92%
Epoch [43/100] Train Loss: 2.4040, Train Acc: 37.57%, Test Loss: 2.5776, Test Acc: 34.93%
Epoch [44/100] Train Loss: 2.3744, Train Acc: 38.19%, Test Loss: 2.5488, Test Acc: 35.72%
Epoch [45/100] Train Loss: 2.3621, Train Acc: 38.26%, Test Loss: 2.5378, Test Acc: 35.89%
Epoch [46/100] Train Loss: 2.3361, Train Acc: 38.79%, Test Loss: 2.5554, Test Acc: 35.83%
Epoch [47/100] Train Loss: 2.3171, Train Acc: 39.03%, Test Loss: 2.5007, Test Acc: 36.43%
Epoch [48/100] Train Loss: 2.2984, Train Acc: 39.64%, Test Loss: 2.4872, Test Acc: 36.77%
Epoch [49/100] Train Loss: 2.2780, Train Acc: 39.94%, Test Loss: 2.4923, Test Acc: 36.46%
Epoch [50/100] Train Loss: 2.2612, Train Acc: 40.63%, Test Loss: 2.4693, Test Acc: 36.94%
Epoch [51/100] Train Loss: 2.2421, Train Acc: 40.81%, Test Loss: 2.4480, Test Acc: 37.46%
Epoch [52/100] Train Loss: 2.2234, Train Acc: 41.42%, Test Loss: 2.4348, Test Acc: 37.97%
Epoch [53/100] Train Loss: 2.2020, Train Acc: 41.92%, Test Loss: 2.4338, Test Acc: 37.56%
Epoch [54/100] Train Loss: 2.1917, Train Acc: 42.02%, Test Loss: 2.4164, Test Acc: 38.06%
Epoch [55/100] Train Loss: 2.1733, Train Acc: 42.34%, Test Loss: 2.4104, Test Acc: 38.17%
Epoch [56/100] Train Loss: 2.1583, Train Acc: 42.85%, Test Loss: 2.4309, Test Acc: 38.36%
Epoch [57/100] Train Loss: 2.1426, Train Acc: 43.01%, Test Loss: 2.3934, Test Acc: 38.80%
Epoch [58/100] Train Loss: 2.1267, Train Acc: 43.43%, Test Loss: 2.3752, Test Acc: 39.32%
Epoch [59/100] Train Loss: 2.1112, Train Acc: 43.80%, Test Loss: 2.3778, Test Acc: 39.29%
Epoch [60/100] Train Loss: 2.1003, Train Acc: 43.97%, Test Loss: 2.3706, Test Acc: 39.64%
Epoch [61/100] Train Loss: 2.0859, Train Acc: 44.42%, Test Loss: 2.3659, Test Acc: 39.64%
Epoch [62/100] Train Loss: 2.0732, Train Acc: 44.70%, Test Loss: 2.3655, Test Acc: 39.25%
Epoch [63/100] Train Loss: 2.0620, Train Acc: 45.16%, Test Loss: 2.3629, Test Acc: 39.55%
Epoch [64/100] Train Loss: 2.0550, Train Acc: 45.50%, Test Loss: 2.3442, Test Acc: 39.65%
Epoch [65/100] Train Loss: 2.0453, Train Acc: 45.47%, Test Loss: 2.3399, Test Acc: 39.98%
Epoch [66/100] Train Loss: 2.0287, Train Acc: 45.78%, Test Loss: 2.3247, Test Acc: 40.15%
Epoch [67/100] Train Loss: 2.0200, Train Acc: 46.10%, Test Loss: 2.3380, Test Acc: 40.40%
Epoch [68/100] Train Loss: 2.0066, Train Acc: 46.10%, Test Loss: 2.3270, Test Acc: 40.28%
Epoch [69/100] Train Loss: 2.0028, Train Acc: 46.42%, Test Loss: 2.3265, Test Acc: 40.37%
Epoch [70/100] Train Loss: 1.9898, Train Acc: 46.47%, Test Loss: 2.3200, Test Acc: 40.23%
Epoch [71/100] Train Loss: 1.9800, Train Acc: 46.92%, Test Loss: 2.3003, Test Acc: 40.81%
Epoch [72/100] Train Loss: 1.9763, Train Acc: 46.91%, Test Loss: 2.2963, Test Acc: 40.80%
Epoch [73/100] Train Loss: 1.9695, Train Acc: 47.08%, Test Loss: 2.3046, Test Acc: 40.73%
Epoch [74/100] Train Loss: 1.9624, Train Acc: 47.27%, Test Loss: 2.2941, Test Acc: 40.84%
Epoch [75/100] Train Loss: 1.9518, Train Acc: 47.52%, Test Loss: 2.2969, Test Acc: 40.78%
Epoch [76/100] Train Loss: 1.9448, Train Acc: 47.84%, Test Loss: 2.2899, Test Acc: 40.84%
Epoch [77/100] Train Loss: 1.9408, Train Acc: 47.74%, Test Loss: 2.2795, Test Acc: 41.25%
Epoch [78/100] Train Loss: 1.9324, Train Acc: 48.15%, Test Loss: 2.2795, Test Acc: 41.22%
Epoch [79/100] Train Loss: 1.9332, Train Acc: 48.06%, Test Loss: 2.2906, Test Acc: 41.06%
Epoch [80/100] Train Loss: 1.9243, Train Acc: 48.26%, Test Loss: 2.2815, Test Acc: 41.12%
Epoch [81/100] Train Loss: 1.9161, Train Acc: 48.57%, Test Loss: 2.2754, Test Acc: 41.53%
Epoch [82/100] Train Loss: 1.9149, Train Acc: 48.54%, Test Loss: 2.2671, Test Acc: 41.63%
Epoch [83/100] Train Loss: 1.9153, Train Acc: 48.31%, Test Loss: 2.2693, Test Acc: 41.50%
Epoch [84/100] Train Loss: 1.9068, Train Acc: 48.65%, Test Loss: 2.2722, Test Acc: 41.44%
Epoch [85/100] Train Loss: 1.9097, Train Acc: 48.58%, Test Loss: 2.2746, Test Acc: 41.39%
Epoch [86/100] Train Loss: 1.9081, Train Acc: 48.45%, Test Loss: 2.2706, Test Acc: 41.56%
Epoch [87/100] Train Loss: 1.8950, Train Acc: 48.96%, Test Loss: 2.2703, Test Acc: 41.61%
Epoch [88/100] Train Loss: 1.9021, Train Acc: 48.82%, Test Loss: 2.2672, Test Acc: 41.76%
Epoch [89/100] Train Loss: 1.9008, Train Acc: 49.00%, Test Loss: 2.2653, Test Acc: 41.61%
Epoch [90/100] Train Loss: 1.8942, Train Acc: 48.74%, Test Loss: 2.2669, Test Acc: 41.50%
Epoch [91/100] Train Loss: 1.8912, Train Acc: 48.79%, Test Loss: 2.2597, Test Acc: 41.64%
Epoch [92/100] Train Loss: 1.8896, Train Acc: 49.10%, Test Loss: 2.2622, Test Acc: 41.87%
Epoch [93/100] Train Loss: 1.8894, Train Acc: 49.20%, Test Loss: 2.2630, Test Acc: 41.58%
Epoch [94/100] Train Loss: 1.8840, Train Acc: 49.09%, Test Loss: 2.2586, Test Acc: 41.74%
Epoch [95/100] Train Loss: 1.8888, Train Acc: 49.14%, Test Loss: 2.2685, Test Acc: 41.52%
Epoch [96/100] Train Loss: 1.8838, Train Acc: 49.24%, Test Loss: 2.2653, Test Acc: 41.68%
Epoch [97/100] Train Loss: 1.8872, Train Acc: 49.07%, Test Loss: 2.2638, Test Acc: 41.62%
Epoch [98/100] Train Loss: 1.8852, Train Acc: 49.11%, Test Loss: 2.2632, Test Acc: 41.65%
Epoch [99/100] Train Loss: 1.8818, Train Acc: 49.16%, Test Loss: 2.2602, Test Acc: 41.54%
Epoch [100/100] Train Loss: 1.8850, Train Acc: 49.12%, Test Loss: 2.2666, Test Acc: 41.73%
Training completed. Best accuracy: 41.87%
Average epoch duration: 19.28 s
