Training Configuration:
Model: resnet50
Batch size: 32
Epochs: 100
Learning rate: 0.001
Weight decay: 0.0001
Scheduler: cosine
Pretrained: False
Device: cuda

Epoch [1/100] Train Loss: 4.3488, Train Acc: 4.55%, Test Loss: 4.1901, Test Acc: 8.64%
Epoch [2/100] Train Loss: 3.8938, Train Acc: 10.03%, Test Loss: 3.6991, Test Acc: 13.52%
Epoch [3/100] Train Loss: 3.6115, Train Acc: 14.83%, Test Loss: 3.4503, Test Acc: 18.22%
Epoch [4/100] Train Loss: 3.3901, Train Acc: 18.28%, Test Loss: 3.2008, Test Acc: 23.02%
Epoch [5/100] Train Loss: 3.2091, Train Acc: 21.59%, Test Loss: 3.0173, Test Acc: 26.17%
Epoch [6/100] Train Loss: 3.0333, Train Acc: 24.56%, Test Loss: 2.9215, Test Acc: 27.99%
Epoch [7/100] Train Loss: 2.8816, Train Acc: 27.45%, Test Loss: 2.7512, Test Acc: 31.43%
Epoch [8/100] Train Loss: 2.7213, Train Acc: 30.69%, Test Loss: 2.6049, Test Acc: 34.53%
Epoch [9/100] Train Loss: 2.5776, Train Acc: 33.57%, Test Loss: 2.6446, Test Acc: 34.21%
Epoch [10/100] Train Loss: 2.4378, Train Acc: 36.31%, Test Loss: 2.3986, Test Acc: 38.63%
Epoch [11/100] Train Loss: 2.3035, Train Acc: 39.24%, Test Loss: 2.2512, Test Acc: 41.97%
Epoch [12/100] Train Loss: 2.1810, Train Acc: 41.84%, Test Loss: 2.1854, Test Acc: 43.51%
Epoch [13/100] Train Loss: 2.0767, Train Acc: 44.02%, Test Loss: 2.1117, Test Acc: 44.85%
Epoch [14/100] Train Loss: 1.9748, Train Acc: 46.39%, Test Loss: 2.0583, Test Acc: 45.94%
Epoch [15/100] Train Loss: 1.8935, Train Acc: 48.18%, Test Loss: 2.0739, Test Acc: 46.91%
Epoch [16/100] Train Loss: 1.8007, Train Acc: 50.34%, Test Loss: 1.9810, Test Acc: 47.77%
Epoch [17/100] Train Loss: 1.7177, Train Acc: 52.51%, Test Loss: 1.8850, Test Acc: 50.43%
Epoch [18/100] Train Loss: 1.6504, Train Acc: 53.93%, Test Loss: 1.8527, Test Acc: 50.77%
Epoch [19/100] Train Loss: 1.5735, Train Acc: 55.77%, Test Loss: 1.8464, Test Acc: 51.77%
Epoch [20/100] Train Loss: 1.5066, Train Acc: 57.44%, Test Loss: 1.7887, Test Acc: 53.21%
Epoch [21/100] Train Loss: 1.4394, Train Acc: 59.00%, Test Loss: 1.8545, Test Acc: 52.32%
Epoch [22/100] Train Loss: 1.3795, Train Acc: 60.74%, Test Loss: 1.7837, Test Acc: 54.89%
Epoch [23/100] Train Loss: 1.3270, Train Acc: 61.82%, Test Loss: 1.7477, Test Acc: 54.93%
Epoch [24/100] Train Loss: 1.2695, Train Acc: 63.23%, Test Loss: 1.7402, Test Acc: 55.62%
Epoch [25/100] Train Loss: 1.2172, Train Acc: 64.47%, Test Loss: 1.7013, Test Acc: 56.41%
Epoch [26/100] Train Loss: 1.1639, Train Acc: 65.91%, Test Loss: 1.6848, Test Acc: 56.40%
Epoch [27/100] Train Loss: 1.1149, Train Acc: 67.41%, Test Loss: 1.6868, Test Acc: 57.76%
Epoch [28/100] Train Loss: 1.0665, Train Acc: 68.25%, Test Loss: 1.6407, Test Acc: 57.93%
Epoch [29/100] Train Loss: 1.0209, Train Acc: 69.65%, Test Loss: 1.6421, Test Acc: 58.09%
Epoch [30/100] Train Loss: 0.9703, Train Acc: 70.71%, Test Loss: 1.6661, Test Acc: 58.11%
Epoch [31/100] Train Loss: 0.9255, Train Acc: 72.06%, Test Loss: 1.6491, Test Acc: 58.56%
Epoch [32/100] Train Loss: 0.8947, Train Acc: 73.16%, Test Loss: 1.6501, Test Acc: 59.20%
Epoch [33/100] Train Loss: 0.8484, Train Acc: 74.40%, Test Loss: 1.6271, Test Acc: 59.31%
Epoch [34/100] Train Loss: 0.8039, Train Acc: 75.36%, Test Loss: 1.6528, Test Acc: 59.89%
Epoch [35/100] Train Loss: 0.7669, Train Acc: 76.58%, Test Loss: 1.6323, Test Acc: 60.70%
Epoch [36/100] Train Loss: 0.7237, Train Acc: 77.64%, Test Loss: 1.6322, Test Acc: 60.85%
Epoch [37/100] Train Loss: 0.7016, Train Acc: 78.62%, Test Loss: 1.6186, Test Acc: 61.14%
Epoch [38/100] Train Loss: 0.6559, Train Acc: 79.76%, Test Loss: 1.7062, Test Acc: 60.14%
Epoch [39/100] Train Loss: 0.6278, Train Acc: 80.49%, Test Loss: 1.6867, Test Acc: 60.67%
Epoch [40/100] Train Loss: 0.5946, Train Acc: 81.65%, Test Loss: 1.6676, Test Acc: 61.42%
Epoch [41/100] Train Loss: 0.5666, Train Acc: 82.42%, Test Loss: 1.6649, Test Acc: 61.34%
Epoch [42/100] Train Loss: 0.5361, Train Acc: 83.20%, Test Loss: 1.6677, Test Acc: 61.85%
Epoch [43/100] Train Loss: 0.5064, Train Acc: 84.31%, Test Loss: 1.7142, Test Acc: 60.84%
Epoch [44/100] Train Loss: 0.4780, Train Acc: 85.18%, Test Loss: 1.7019, Test Acc: 62.00%
Early stopping triggered
Training completed. Best accuracy: 62.00%
Average epoch duration: 63.15 s
