Training Configuration:
Model: resnet50
Batch size: 256
Epochs: 100
Learning rate: 0.03
Weight decay: 1e-05
Scheduler: cosine
Pretrained: False
Device: cuda

Epoch [1/100] Train Loss: 4.4917, Train Acc: 4.33%, Test Loss: 3.9674, Test Acc: 8.45%
Epoch [2/100] Train Loss: 3.7676, Train Acc: 11.33%, Test Loss: 3.5499, Test Acc: 15.38%
Epoch [3/100] Train Loss: 3.4159, Train Acc: 17.24%, Test Loss: 3.2251, Test Acc: 21.12%
Epoch [4/100] Train Loss: 3.1081, Train Acc: 22.83%, Test Loss: 2.9777, Test Acc: 25.66%
Epoch [5/100] Train Loss: 2.8505, Train Acc: 28.06%, Test Loss: 2.8169, Test Acc: 30.08%
Epoch [6/100] Train Loss: 2.6057, Train Acc: 32.57%, Test Loss: 2.6467, Test Acc: 32.95%
Epoch [7/100] Train Loss: 2.3620, Train Acc: 37.71%, Test Loss: 2.5096, Test Acc: 35.95%
Epoch [8/100] Train Loss: 2.1614, Train Acc: 42.13%, Test Loss: 2.2918, Test Acc: 41.60%
Epoch [9/100] Train Loss: 1.9903, Train Acc: 45.67%, Test Loss: 2.2366, Test Acc: 43.97%
Epoch [10/100] Train Loss: 1.8371, Train Acc: 49.52%, Test Loss: 2.0411, Test Acc: 46.69%
Epoch [11/100] Train Loss: 1.6970, Train Acc: 52.52%, Test Loss: 1.9491, Test Acc: 48.46%
Epoch [12/100] Train Loss: 1.5718, Train Acc: 55.58%, Test Loss: 1.8153, Test Acc: 51.44%
Epoch [13/100] Train Loss: 1.4562, Train Acc: 58.49%, Test Loss: 1.7344, Test Acc: 53.18%
Epoch [14/100] Train Loss: 1.3682, Train Acc: 60.54%, Test Loss: 1.7845, Test Acc: 52.81%
Epoch [15/100] Train Loss: 1.2757, Train Acc: 62.97%, Test Loss: 2.0111, Test Acc: 49.05%
Epoch [16/100] Train Loss: 1.2576, Train Acc: 63.28%, Test Loss: 1.6007, Test Acc: 57.80%
Epoch [17/100] Train Loss: 1.1253, Train Acc: 66.78%, Test Loss: 1.6363, Test Acc: 57.28%
Epoch [18/100] Train Loss: 1.0454, Train Acc: 68.82%, Test Loss: 1.6204, Test Acc: 57.94%
Epoch [19/100] Train Loss: 0.9788, Train Acc: 70.33%, Test Loss: 1.6170, Test Acc: 59.07%
Epoch [20/100] Train Loss: 0.9048, Train Acc: 72.45%, Test Loss: 1.7000, Test Acc: 58.43%
Epoch [21/100] Train Loss: 0.8452, Train Acc: 74.33%, Test Loss: 1.5744, Test Acc: 60.36%
Epoch [22/100] Train Loss: 0.7849, Train Acc: 75.62%, Test Loss: 1.5872, Test Acc: 60.64%
Epoch [23/100] Train Loss: 0.7292, Train Acc: 77.30%, Test Loss: 1.6438, Test Acc: 59.78%
Epoch [24/100] Train Loss: 0.6726, Train Acc: 78.98%, Test Loss: 1.6607, Test Acc: 60.99%
Epoch [25/100] Train Loss: 0.6136, Train Acc: 80.74%, Test Loss: 1.7595, Test Acc: 59.78%
Epoch [26/100] Train Loss: 0.5626, Train Acc: 82.04%, Test Loss: 1.6939, Test Acc: 61.40%
Epoch [27/100] Train Loss: 0.5269, Train Acc: 83.26%, Test Loss: 1.6795, Test Acc: 62.22%
Epoch [28/100] Train Loss: 0.4802, Train Acc: 84.43%, Test Loss: 1.6623, Test Acc: 62.83%
Early stopping triggered
Training completed. Best accuracy: 62.83%
Average epoch duration: 19.48 s
