Training Configuration:
Model: resnet50
Batch size: 128
Epochs: 100
Learning rate: 0.03
Weight decay: 0.0001
Scheduler: cosine
Pretrained: False
Device: cuda

Epoch [1/100] Train Loss: 4.6264, Train Acc: 3.40%, Test Loss: 4.0266, Test Acc: 7.22%
Epoch [2/100] Train Loss: 3.8433, Train Acc: 9.62%, Test Loss: 3.5738, Test Acc: 14.20%
Epoch [3/100] Train Loss: 3.4529, Train Acc: 16.43%, Test Loss: 3.2722, Test Acc: 20.87%
Epoch [4/100] Train Loss: 3.1310, Train Acc: 22.43%, Test Loss: 3.0103, Test Acc: 25.32%
Epoch [5/100] Train Loss: 2.8474, Train Acc: 27.82%, Test Loss: 2.7747, Test Acc: 29.31%
Epoch [6/100] Train Loss: 2.5653, Train Acc: 33.44%, Test Loss: 2.5017, Test Acc: 35.28%
Epoch [7/100] Train Loss: 2.3129, Train Acc: 38.91%, Test Loss: 2.3427, Test Acc: 38.92%
Epoch [8/100] Train Loss: 2.0880, Train Acc: 43.59%, Test Loss: 2.1201, Test Acc: 45.61%
Epoch [9/100] Train Loss: 1.8931, Train Acc: 47.79%, Test Loss: 1.9747, Test Acc: 47.03%
Epoch [10/100] Train Loss: 1.7275, Train Acc: 51.75%, Test Loss: 1.8683, Test Acc: 50.14%
Epoch [11/100] Train Loss: 1.5984, Train Acc: 54.84%, Test Loss: 1.7429, Test Acc: 52.35%
Epoch [12/100] Train Loss: 1.4806, Train Acc: 57.81%, Test Loss: 1.6535, Test Acc: 54.56%
Epoch [13/100] Train Loss: 1.3655, Train Acc: 60.63%, Test Loss: 1.6490, Test Acc: 55.58%
Epoch [14/100] Train Loss: 1.2746, Train Acc: 62.90%, Test Loss: 1.6881, Test Acc: 54.46%
Epoch [15/100] Train Loss: 1.1977, Train Acc: 64.95%, Test Loss: 1.4864, Test Acc: 59.11%
Epoch [16/100] Train Loss: 1.1210, Train Acc: 66.84%, Test Loss: 1.5342, Test Acc: 58.40%
Epoch [17/100] Train Loss: 1.0498, Train Acc: 68.65%, Test Loss: 1.4534, Test Acc: 60.49%
Epoch [18/100] Train Loss: 0.9745, Train Acc: 70.66%, Test Loss: 1.4504, Test Acc: 61.87%
Epoch [19/100] Train Loss: 0.9105, Train Acc: 72.30%, Test Loss: 1.4333, Test Acc: 62.30%
Epoch [20/100] Train Loss: 0.8559, Train Acc: 73.82%, Test Loss: 1.5191, Test Acc: 60.47%
Epoch [21/100] Train Loss: 0.8046, Train Acc: 75.07%, Test Loss: 1.5145, Test Acc: 61.28%
Epoch [22/100] Train Loss: 0.7432, Train Acc: 76.80%, Test Loss: 1.4703, Test Acc: 62.07%
Epoch [23/100] Train Loss: 0.6900, Train Acc: 78.29%, Test Loss: 1.4522, Test Acc: 62.52%
Epoch [24/100] Train Loss: 0.6479, Train Acc: 79.61%, Test Loss: 1.4991, Test Acc: 63.05%
Epoch [25/100] Train Loss: 0.6014, Train Acc: 80.69%, Test Loss: 1.5237, Test Acc: 63.00%
Epoch [26/100] Train Loss: 0.5515, Train Acc: 82.50%, Test Loss: 1.5647, Test Acc: 63.30%
Early stopping triggered
Training completed. Best accuracy: 63.30%
Average epoch duration: 30.40 s
