Training Configuration:
Model: resnet50
Batch size: 64
Epochs: 100
Learning rate: 0.003
Weight decay: 3e-05
Scheduler: cosine
Pretrained: False
Device: cuda

Epoch [1/100] Train Loss: 4.3416, Train Acc: 5.48%, Test Loss: 3.9166, Test Acc: 10.42%
Epoch [2/100] Train Loss: 3.7488, Train Acc: 12.01%, Test Loss: 3.5316, Test Acc: 17.11%
Epoch [3/100] Train Loss: 3.4312, Train Acc: 17.23%, Test Loss: 3.2789, Test Acc: 21.54%
Epoch [4/100] Train Loss: 3.1736, Train Acc: 21.87%, Test Loss: 3.0802, Test Acc: 25.08%
Epoch [5/100] Train Loss: 2.9549, Train Acc: 25.89%, Test Loss: 2.8450, Test Acc: 29.35%
Epoch [6/100] Train Loss: 2.7468, Train Acc: 29.93%, Test Loss: 2.6440, Test Acc: 32.61%
Epoch [7/100] Train Loss: 2.5496, Train Acc: 33.78%, Test Loss: 2.4718, Test Acc: 36.29%
Epoch [8/100] Train Loss: 2.3756, Train Acc: 37.29%, Test Loss: 2.3956, Test Acc: 38.17%
Epoch [9/100] Train Loss: 2.2201, Train Acc: 40.67%, Test Loss: 2.3543, Test Acc: 39.77%
Epoch [10/100] Train Loss: 2.0928, Train Acc: 43.57%, Test Loss: 2.1951, Test Acc: 42.85%
Epoch [11/100] Train Loss: 1.9722, Train Acc: 46.38%, Test Loss: 2.0899, Test Acc: 45.59%
Epoch [12/100] Train Loss: 1.8650, Train Acc: 48.64%, Test Loss: 2.0596, Test Acc: 46.60%
Epoch [13/100] Train Loss: 1.7688, Train Acc: 51.10%, Test Loss: 1.9739, Test Acc: 48.90%
Epoch [14/100] Train Loss: 1.6702, Train Acc: 53.19%, Test Loss: 1.9400, Test Acc: 48.41%
Epoch [15/100] Train Loss: 1.5932, Train Acc: 55.11%, Test Loss: 1.8282, Test Acc: 51.84%
Epoch [16/100] Train Loss: 1.5052, Train Acc: 57.40%, Test Loss: 1.7922, Test Acc: 52.89%
Epoch [17/100] Train Loss: 1.4300, Train Acc: 59.07%, Test Loss: 1.8038, Test Acc: 53.17%
Epoch [18/100] Train Loss: 1.3655, Train Acc: 60.78%, Test Loss: 1.8000, Test Acc: 53.65%
Epoch [19/100] Train Loss: 1.2903, Train Acc: 62.46%, Test Loss: 1.6990, Test Acc: 54.76%
Epoch [20/100] Train Loss: 1.2319, Train Acc: 64.00%, Test Loss: 1.6990, Test Acc: 56.14%
Epoch [21/100] Train Loss: 1.1626, Train Acc: 65.88%, Test Loss: 1.6808, Test Acc: 56.55%
Epoch [22/100] Train Loss: 1.1042, Train Acc: 67.22%, Test Loss: 1.6829, Test Acc: 57.03%
Epoch [23/100] Train Loss: 1.0456, Train Acc: 68.95%, Test Loss: 1.7490, Test Acc: 56.06%
Epoch [24/100] Train Loss: 0.9995, Train Acc: 70.13%, Test Loss: 1.7033, Test Acc: 57.63%
Epoch [25/100] Train Loss: 0.9437, Train Acc: 71.51%, Test Loss: 1.7334, Test Acc: 57.07%
Epoch [26/100] Train Loss: 0.8850, Train Acc: 73.17%, Test Loss: 1.6658, Test Acc: 58.93%
Epoch [27/100] Train Loss: 0.8387, Train Acc: 74.35%, Test Loss: 1.6992, Test Acc: 58.39%
Epoch [28/100] Train Loss: 0.7922, Train Acc: 75.73%, Test Loss: 1.7273, Test Acc: 58.87%
Epoch [29/100] Train Loss: 0.7435, Train Acc: 77.13%, Test Loss: 1.6751, Test Acc: 59.86%
Epoch [30/100] Train Loss: 0.7059, Train Acc: 78.27%, Test Loss: 1.6401, Test Acc: 60.81%
Epoch [31/100] Train Loss: 0.6474, Train Acc: 79.99%, Test Loss: 1.6906, Test Acc: 60.67%
Epoch [32/100] Train Loss: 0.6120, Train Acc: 80.73%, Test Loss: 1.7735, Test Acc: 59.63%
Epoch [33/100] Train Loss: 0.5741, Train Acc: 81.95%, Test Loss: 1.7658, Test Acc: 60.63%
Epoch [34/100] Train Loss: 0.5352, Train Acc: 83.17%, Test Loss: 1.6711, Test Acc: 61.44%
Epoch [35/100] Train Loss: 0.4964, Train Acc: 84.24%, Test Loss: 1.7512, Test Acc: 60.83%
Epoch [36/100] Train Loss: 0.4665, Train Acc: 85.22%, Test Loss: 1.8159, Test Acc: 60.64%
Epoch [37/100] Train Loss: 0.4306, Train Acc: 86.19%, Test Loss: 1.7548, Test Acc: 61.80%
Early stopping triggered
Training completed. Best accuracy: 61.80%
Average epoch duration: 43.72 s
