Training Configuration:
Model: resnet50
Batch size: 128
Epochs: 100
Learning rate: 0.001
Weight decay: 1e-05
Scheduler: cosine
Pretrained: False
Device: cuda

Epoch [1/100] Train Loss: 4.5089, Train Acc: 2.42%, Test Loss: 4.4488, Test Acc: 2.54%
Epoch [2/100] Train Loss: 4.3305, Train Acc: 4.55%, Test Loss: 4.1918, Test Acc: 6.77%
Epoch [3/100] Train Loss: 4.0889, Train Acc: 7.49%, Test Loss: 3.9586, Test Acc: 9.32%
Epoch [4/100] Train Loss: 3.8999, Train Acc: 10.02%, Test Loss: 3.7887, Test Acc: 11.57%
Epoch [5/100] Train Loss: 3.7490, Train Acc: 12.45%, Test Loss: 3.6564, Test Acc: 14.37%
Epoch [6/100] Train Loss: 3.6260, Train Acc: 14.24%, Test Loss: 3.5590, Test Acc: 15.84%
Epoch [7/100] Train Loss: 3.5211, Train Acc: 16.21%, Test Loss: 3.4501, Test Acc: 17.70%
Epoch [8/100] Train Loss: 3.4168, Train Acc: 17.88%, Test Loss: 3.3589, Test Acc: 19.59%
Epoch [9/100] Train Loss: 3.3202, Train Acc: 19.67%, Test Loss: 3.2760, Test Acc: 20.37%
Epoch [10/100] Train Loss: 3.2310, Train Acc: 21.29%, Test Loss: 3.1724, Test Acc: 22.39%
Epoch [11/100] Train Loss: 3.1384, Train Acc: 22.94%, Test Loss: 3.1251, Test Acc: 23.62%
Epoch [12/100] Train Loss: 3.0585, Train Acc: 24.32%, Test Loss: 3.0507, Test Acc: 25.08%
Epoch [13/100] Train Loss: 2.9812, Train Acc: 25.80%, Test Loss: 2.9816, Test Acc: 26.03%
Epoch [14/100] Train Loss: 2.9038, Train Acc: 27.29%, Test Loss: 2.9329, Test Acc: 27.64%
Epoch [15/100] Train Loss: 2.8467, Train Acc: 28.16%, Test Loss: 2.8521, Test Acc: 28.99%
Epoch [16/100] Train Loss: 2.7797, Train Acc: 29.86%, Test Loss: 2.8028, Test Acc: 29.69%
Epoch [17/100] Train Loss: 2.7265, Train Acc: 30.75%, Test Loss: 2.7529, Test Acc: 30.71%
Epoch [18/100] Train Loss: 2.6664, Train Acc: 31.88%, Test Loss: 2.7029, Test Acc: 31.28%
Epoch [19/100] Train Loss: 2.6063, Train Acc: 33.25%, Test Loss: 2.6634, Test Acc: 32.32%
Epoch [20/100] Train Loss: 2.5524, Train Acc: 34.39%, Test Loss: 2.6739, Test Acc: 32.10%
Epoch [21/100] Train Loss: 2.4995, Train Acc: 35.47%, Test Loss: 2.5732, Test Acc: 34.43%
Epoch [22/100] Train Loss: 2.4479, Train Acc: 36.32%, Test Loss: 2.5271, Test Acc: 35.43%
Epoch [23/100] Train Loss: 2.3996, Train Acc: 37.41%, Test Loss: 2.5175, Test Acc: 35.91%
Epoch [24/100] Train Loss: 2.3547, Train Acc: 38.34%, Test Loss: 2.4712, Test Acc: 36.55%
Epoch [25/100] Train Loss: 2.3036, Train Acc: 39.45%, Test Loss: 2.4240, Test Acc: 37.43%
Epoch [26/100] Train Loss: 2.2545, Train Acc: 40.63%, Test Loss: 2.3812, Test Acc: 38.66%
Epoch [27/100] Train Loss: 2.2108, Train Acc: 41.31%, Test Loss: 2.3705, Test Acc: 38.82%
Epoch [28/100] Train Loss: 2.1688, Train Acc: 42.39%, Test Loss: 2.3309, Test Acc: 39.99%
Epoch [29/100] Train Loss: 2.1250, Train Acc: 42.97%, Test Loss: 2.3417, Test Acc: 39.86%
Epoch [30/100] Train Loss: 2.0847, Train Acc: 44.17%, Test Loss: 2.3033, Test Acc: 40.61%
Epoch [31/100] Train Loss: 2.0400, Train Acc: 45.26%, Test Loss: 2.2581, Test Acc: 41.74%
Epoch [32/100] Train Loss: 2.0017, Train Acc: 46.07%, Test Loss: 2.2593, Test Acc: 41.87%
Epoch [33/100] Train Loss: 1.9734, Train Acc: 46.63%, Test Loss: 2.1934, Test Acc: 43.01%
Epoch [34/100] Train Loss: 1.9266, Train Acc: 47.43%, Test Loss: 2.1655, Test Acc: 43.71%
Epoch [35/100] Train Loss: 1.8960, Train Acc: 48.44%, Test Loss: 2.2126, Test Acc: 43.32%
Epoch [36/100] Train Loss: 1.8646, Train Acc: 48.95%, Test Loss: 2.1497, Test Acc: 44.11%
Epoch [37/100] Train Loss: 1.8277, Train Acc: 50.08%, Test Loss: 2.1393, Test Acc: 44.60%
Epoch [38/100] Train Loss: 1.7990, Train Acc: 50.45%, Test Loss: 2.1377, Test Acc: 44.66%
Epoch [39/100] Train Loss: 1.7669, Train Acc: 51.41%, Test Loss: 2.1232, Test Acc: 44.75%
Epoch [40/100] Train Loss: 1.7338, Train Acc: 52.15%, Test Loss: 2.0909, Test Acc: 46.12%
Epoch [41/100] Train Loss: 1.7059, Train Acc: 52.92%, Test Loss: 2.0925, Test Acc: 45.80%
Epoch [42/100] Train Loss: 1.6750, Train Acc: 53.71%, Test Loss: 2.0758, Test Acc: 46.28%
Epoch [43/100] Train Loss: 1.6449, Train Acc: 54.64%, Test Loss: 2.0536, Test Acc: 46.74%
Epoch [44/100] Train Loss: 1.6200, Train Acc: 54.86%, Test Loss: 2.0452, Test Acc: 46.84%
Epoch [45/100] Train Loss: 1.5935, Train Acc: 55.49%, Test Loss: 2.0900, Test Acc: 45.89%
Epoch [46/100] Train Loss: 1.5703, Train Acc: 56.21%, Test Loss: 2.0909, Test Acc: 46.29%
Epoch [47/100] Train Loss: 1.5442, Train Acc: 56.94%, Test Loss: 2.0281, Test Acc: 47.57%
Epoch [48/100] Train Loss: 1.5167, Train Acc: 57.36%, Test Loss: 2.0038, Test Acc: 48.07%
Epoch [49/100] Train Loss: 1.4951, Train Acc: 57.91%, Test Loss: 2.0127, Test Acc: 48.48%
Epoch [50/100] Train Loss: 1.4761, Train Acc: 58.33%, Test Loss: 2.0186, Test Acc: 47.77%
Epoch [51/100] Train Loss: 1.4465, Train Acc: 59.27%, Test Loss: 1.9969, Test Acc: 48.98%
Epoch [52/100] Train Loss: 1.4286, Train Acc: 59.50%, Test Loss: 1.9895, Test Acc: 49.00%
Epoch [53/100] Train Loss: 1.4031, Train Acc: 60.32%, Test Loss: 2.0098, Test Acc: 48.60%
Epoch [54/100] Train Loss: 1.3850, Train Acc: 60.73%, Test Loss: 1.9877, Test Acc: 49.10%
Epoch [55/100] Train Loss: 1.3678, Train Acc: 61.24%, Test Loss: 1.9907, Test Acc: 49.41%
Epoch [56/100] Train Loss: 1.3383, Train Acc: 62.04%, Test Loss: 1.9802, Test Acc: 49.67%
Epoch [57/100] Train Loss: 1.3216, Train Acc: 62.58%, Test Loss: 1.9983, Test Acc: 49.47%
Epoch [58/100] Train Loss: 1.3079, Train Acc: 62.74%, Test Loss: 1.9815, Test Acc: 49.75%
Epoch [59/100] Train Loss: 1.2867, Train Acc: 63.40%, Test Loss: 1.9987, Test Acc: 49.92%
Epoch [60/100] Train Loss: 1.2703, Train Acc: 63.73%, Test Loss: 1.9853, Test Acc: 50.09%
Epoch [61/100] Train Loss: 1.2547, Train Acc: 64.11%, Test Loss: 1.9795, Test Acc: 50.13%
Epoch [62/100] Train Loss: 1.2379, Train Acc: 64.52%, Test Loss: 1.9844, Test Acc: 50.18%
Epoch [63/100] Train Loss: 1.2307, Train Acc: 64.84%, Test Loss: 1.9678, Test Acc: 50.07%
Epoch [64/100] Train Loss: 1.2107, Train Acc: 65.30%, Test Loss: 1.9792, Test Acc: 50.29%
Epoch [65/100] Train Loss: 1.1926, Train Acc: 65.81%, Test Loss: 1.9855, Test Acc: 50.23%
Epoch [66/100] Train Loss: 1.1752, Train Acc: 66.31%, Test Loss: 2.0079, Test Acc: 49.82%
Epoch [67/100] Train Loss: 1.1601, Train Acc: 67.04%, Test Loss: 1.9572, Test Acc: 51.38%
Epoch [68/100] Train Loss: 1.1511, Train Acc: 66.87%, Test Loss: 2.0006, Test Acc: 50.11%
Epoch [69/100] Train Loss: 1.1403, Train Acc: 67.10%, Test Loss: 1.9916, Test Acc: 50.51%
Epoch [70/100] Train Loss: 1.1227, Train Acc: 67.80%, Test Loss: 1.9801, Test Acc: 50.58%
Epoch [71/100] Train Loss: 1.1189, Train Acc: 68.06%, Test Loss: 1.9871, Test Acc: 50.21%
Epoch [72/100] Train Loss: 1.1031, Train Acc: 68.28%, Test Loss: 1.9532, Test Acc: 51.36%
Epoch [73/100] Train Loss: 1.0938, Train Acc: 68.63%, Test Loss: 1.9602, Test Acc: 51.05%
Epoch [74/100] Train Loss: 1.0846, Train Acc: 68.90%, Test Loss: 1.9591, Test Acc: 51.21%
Epoch [75/100] Train Loss: 1.0697, Train Acc: 69.19%, Test Loss: 1.9670, Test Acc: 51.22%
Epoch [76/100] Train Loss: 1.0623, Train Acc: 69.66%, Test Loss: 1.9692, Test Acc: 51.11%
Epoch [77/100] Train Loss: 1.0555, Train Acc: 69.72%, Test Loss: 1.9561, Test Acc: 51.09%
Epoch [78/100] Train Loss: 1.0446, Train Acc: 70.18%, Test Loss: 1.9634, Test Acc: 51.46%
Epoch [79/100] Train Loss: 1.0438, Train Acc: 70.11%, Test Loss: 1.9578, Test Acc: 51.52%
Early stopping triggered
Training completed. Best accuracy: 51.52%
Average epoch duration: 21.72 s
