Training Configuration:
Model: resnet50
Batch size: 256
Epochs: 100
Learning rate: 0.003
Weight decay: 3e-05
Scheduler: cosine
Pretrained: False
Device: cuda

Epoch [1/100] Train Loss: 4.5152, Train Acc: 2.66%, Test Loss: 4.3753, Test Acc: 3.85%
Epoch [2/100] Train Loss: 4.1699, Train Acc: 6.28%, Test Loss: 4.0134, Test Acc: 8.73%
Epoch [3/100] Train Loss: 3.8644, Train Acc: 10.74%, Test Loss: 3.7782, Test Acc: 11.95%
Epoch [4/100] Train Loss: 3.6898, Train Acc: 13.37%, Test Loss: 3.6160, Test Acc: 14.60%
Epoch [5/100] Train Loss: 3.5521, Train Acc: 15.51%, Test Loss: 3.4989, Test Acc: 16.72%
Epoch [6/100] Train Loss: 3.4164, Train Acc: 18.04%, Test Loss: 3.4119, Test Acc: 18.51%
Epoch [7/100] Train Loss: 3.2927, Train Acc: 20.12%, Test Loss: 3.2633, Test Acc: 21.25%
Epoch [8/100] Train Loss: 3.1758, Train Acc: 22.31%, Test Loss: 3.1829, Test Acc: 22.34%
Epoch [9/100] Train Loss: 3.0777, Train Acc: 23.77%, Test Loss: 3.0594, Test Acc: 25.20%
Epoch [10/100] Train Loss: 2.9793, Train Acc: 26.08%, Test Loss: 2.9828, Test Acc: 26.24%
Epoch [11/100] Train Loss: 2.8871, Train Acc: 27.78%, Test Loss: 2.9119, Test Acc: 28.33%
Epoch [12/100] Train Loss: 2.8001, Train Acc: 29.23%, Test Loss: 2.8284, Test Acc: 30.23%
Epoch [13/100] Train Loss: 2.7246, Train Acc: 30.73%, Test Loss: 2.7875, Test Acc: 30.50%
Epoch [14/100] Train Loss: 2.6441, Train Acc: 32.50%, Test Loss: 2.7055, Test Acc: 32.41%
Epoch [15/100] Train Loss: 2.5763, Train Acc: 33.93%, Test Loss: 2.6586, Test Acc: 33.14%
Epoch [16/100] Train Loss: 2.4904, Train Acc: 35.46%, Test Loss: 2.5765, Test Acc: 34.52%
Epoch [17/100] Train Loss: 2.4255, Train Acc: 36.98%, Test Loss: 2.5583, Test Acc: 34.83%
Epoch [18/100] Train Loss: 2.3586, Train Acc: 38.11%, Test Loss: 2.5165, Test Acc: 36.45%
Epoch [19/100] Train Loss: 2.2851, Train Acc: 40.13%, Test Loss: 2.4543, Test Acc: 37.27%
Epoch [20/100] Train Loss: 2.2224, Train Acc: 41.50%, Test Loss: 2.4557, Test Acc: 37.97%
Epoch [21/100] Train Loss: 2.1571, Train Acc: 42.86%, Test Loss: 2.3917, Test Acc: 39.07%
Epoch [22/100] Train Loss: 2.1013, Train Acc: 43.72%, Test Loss: 2.3344, Test Acc: 40.27%
Epoch [23/100] Train Loss: 2.0339, Train Acc: 45.32%, Test Loss: 2.3498, Test Acc: 40.17%
Epoch [24/100] Train Loss: 1.9771, Train Acc: 46.42%, Test Loss: 2.3259, Test Acc: 41.01%
Epoch [25/100] Train Loss: 1.9215, Train Acc: 47.85%, Test Loss: 2.2453, Test Acc: 42.41%
Epoch [26/100] Train Loss: 1.8637, Train Acc: 49.24%, Test Loss: 2.2073, Test Acc: 43.57%
Epoch [27/100] Train Loss: 1.8191, Train Acc: 50.05%, Test Loss: 2.1785, Test Acc: 44.06%
Epoch [28/100] Train Loss: 1.7654, Train Acc: 51.64%, Test Loss: 2.1700, Test Acc: 44.50%
Epoch [29/100] Train Loss: 1.7116, Train Acc: 52.70%, Test Loss: 2.1220, Test Acc: 45.01%
Epoch [30/100] Train Loss: 1.6689, Train Acc: 53.70%, Test Loss: 2.1211, Test Acc: 45.11%
Epoch [31/100] Train Loss: 1.6201, Train Acc: 54.82%, Test Loss: 2.0950, Test Acc: 45.71%
Epoch [32/100] Train Loss: 1.5678, Train Acc: 56.20%, Test Loss: 2.1208, Test Acc: 46.05%
Epoch [33/100] Train Loss: 1.5297, Train Acc: 57.15%, Test Loss: 2.0595, Test Acc: 46.81%
Epoch [34/100] Train Loss: 1.4859, Train Acc: 58.21%, Test Loss: 2.0775, Test Acc: 46.98%
Epoch [35/100] Train Loss: 1.4467, Train Acc: 59.03%, Test Loss: 2.0643, Test Acc: 47.38%
Epoch [36/100] Train Loss: 1.4023, Train Acc: 60.14%, Test Loss: 2.0100, Test Acc: 48.65%
Epoch [37/100] Train Loss: 1.3604, Train Acc: 61.21%, Test Loss: 2.0382, Test Acc: 48.28%
Epoch [38/100] Train Loss: 1.3213, Train Acc: 62.21%, Test Loss: 2.0209, Test Acc: 48.82%
Epoch [39/100] Train Loss: 1.2851, Train Acc: 63.06%, Test Loss: 2.0355, Test Acc: 49.13%
Epoch [40/100] Train Loss: 1.2490, Train Acc: 63.95%, Test Loss: 2.0500, Test Acc: 48.63%
Epoch [41/100] Train Loss: 1.2188, Train Acc: 64.71%, Test Loss: 2.0035, Test Acc: 49.44%
Epoch [42/100] Train Loss: 1.1800, Train Acc: 66.09%, Test Loss: 2.0185, Test Acc: 49.45%
Epoch [43/100] Train Loss: 1.1439, Train Acc: 66.92%, Test Loss: 2.0247, Test Acc: 50.03%
Epoch [44/100] Train Loss: 1.1091, Train Acc: 67.67%, Test Loss: 2.0211, Test Acc: 49.81%
Epoch [45/100] Train Loss: 1.0723, Train Acc: 68.88%, Test Loss: 2.0490, Test Acc: 49.87%
Epoch [46/100] Train Loss: 1.0373, Train Acc: 69.66%, Test Loss: 2.0090, Test Acc: 50.37%
Epoch [47/100] Train Loss: 1.0090, Train Acc: 70.61%, Test Loss: 1.9916, Test Acc: 51.13%
Epoch [48/100] Train Loss: 0.9801, Train Acc: 71.33%, Test Loss: 2.0120, Test Acc: 49.95%
Epoch [49/100] Train Loss: 0.9511, Train Acc: 72.29%, Test Loss: 2.0694, Test Acc: 50.02%
Epoch [50/100] Train Loss: 0.9161, Train Acc: 73.08%, Test Loss: 2.0071, Test Acc: 51.15%
Epoch [51/100] Train Loss: 0.8921, Train Acc: 73.82%, Test Loss: 2.0336, Test Acc: 50.99%
Epoch [52/100] Train Loss: 0.8634, Train Acc: 74.56%, Test Loss: 2.0304, Test Acc: 51.63%
Epoch [53/100] Train Loss: 0.8313, Train Acc: 75.57%, Test Loss: 2.0197, Test Acc: 51.36%
Epoch [54/100] Train Loss: 0.8019, Train Acc: 76.55%, Test Loss: 2.0922, Test Acc: 50.11%
Early stopping triggered
Training completed. Best accuracy: 51.63%
Average epoch duration: 23.25 s
