Training Configuration:
Model: resnet50
Batch size: 256
Epochs: 100
Learning rate: 0.001
Weight decay: 3e-05
Scheduler: cosine
Pretrained: False
Device: cuda

Epoch [1/100] Train Loss: 4.5277, Train Acc: 2.15%, Test Loss: 4.4723, Test Acc: 2.72%
Epoch [2/100] Train Loss: 4.4215, Train Acc: 3.34%, Test Loss: 4.3776, Test Acc: 3.87%
Epoch [3/100] Train Loss: 4.3527, Train Acc: 4.40%, Test Loss: 4.2973, Test Acc: 4.98%
Epoch [4/100] Train Loss: 4.2661, Train Acc: 5.46%, Test Loss: 4.1667, Test Acc: 6.71%
Epoch [5/100] Train Loss: 4.1245, Train Acc: 6.76%, Test Loss: 4.0418, Test Acc: 8.52%
Epoch [6/100] Train Loss: 4.0103, Train Acc: 8.47%, Test Loss: 3.9545, Test Acc: 9.91%
Epoch [7/100] Train Loss: 3.9145, Train Acc: 10.08%, Test Loss: 3.8607, Test Acc: 10.67%
Epoch [8/100] Train Loss: 3.8260, Train Acc: 11.44%, Test Loss: 3.7695, Test Acc: 12.13%
Epoch [9/100] Train Loss: 3.7399, Train Acc: 12.61%, Test Loss: 3.6894, Test Acc: 13.48%
Epoch [10/100] Train Loss: 3.6637, Train Acc: 13.77%, Test Loss: 3.6254, Test Acc: 14.68%
Epoch [11/100] Train Loss: 3.6011, Train Acc: 14.76%, Test Loss: 3.5574, Test Acc: 15.99%
Epoch [12/100] Train Loss: 3.5378, Train Acc: 15.69%, Test Loss: 3.5123, Test Acc: 16.29%
Epoch [13/100] Train Loss: 3.4812, Train Acc: 16.76%, Test Loss: 3.4546, Test Acc: 18.41%
Epoch [14/100] Train Loss: 3.4268, Train Acc: 17.74%, Test Loss: 3.4236, Test Acc: 18.21%
Epoch [15/100] Train Loss: 3.3744, Train Acc: 18.71%, Test Loss: 3.3473, Test Acc: 19.91%
Epoch [16/100] Train Loss: 3.3281, Train Acc: 19.49%, Test Loss: 3.3221, Test Acc: 20.31%
Epoch [17/100] Train Loss: 3.2783, Train Acc: 20.67%, Test Loss: 3.2649, Test Acc: 21.24%
Epoch [18/100] Train Loss: 3.2246, Train Acc: 21.67%, Test Loss: 3.2014, Test Acc: 22.33%
Epoch [19/100] Train Loss: 3.1802, Train Acc: 22.52%, Test Loss: 3.1799, Test Acc: 23.08%
Epoch [20/100] Train Loss: 3.1306, Train Acc: 23.47%, Test Loss: 3.1243, Test Acc: 23.56%
Epoch [21/100] Train Loss: 3.0833, Train Acc: 24.12%, Test Loss: 3.0986, Test Acc: 24.14%
Epoch [22/100] Train Loss: 3.0417, Train Acc: 25.25%, Test Loss: 3.0431, Test Acc: 25.67%
Epoch [23/100] Train Loss: 2.9978, Train Acc: 25.65%, Test Loss: 3.0112, Test Acc: 25.80%
Epoch [24/100] Train Loss: 2.9604, Train Acc: 26.68%, Test Loss: 2.9752, Test Acc: 26.72%
Epoch [25/100] Train Loss: 2.9244, Train Acc: 27.24%, Test Loss: 2.9497, Test Acc: 26.88%
Epoch [26/100] Train Loss: 2.8825, Train Acc: 27.79%, Test Loss: 2.9281, Test Acc: 27.46%
Epoch [27/100] Train Loss: 2.8506, Train Acc: 28.55%, Test Loss: 2.9180, Test Acc: 27.73%
Epoch [28/100] Train Loss: 2.8106, Train Acc: 29.52%, Test Loss: 2.8567, Test Acc: 28.91%
Epoch [29/100] Train Loss: 2.7846, Train Acc: 29.72%, Test Loss: 2.8415, Test Acc: 28.71%
Epoch [30/100] Train Loss: 2.7521, Train Acc: 30.39%, Test Loss: 2.8115, Test Acc: 30.09%
Epoch [31/100] Train Loss: 2.7222, Train Acc: 31.30%, Test Loss: 2.7819, Test Acc: 29.99%
Epoch [32/100] Train Loss: 2.6907, Train Acc: 31.61%, Test Loss: 2.7624, Test Acc: 30.48%
Epoch [33/100] Train Loss: 2.6633, Train Acc: 32.22%, Test Loss: 2.7570, Test Acc: 30.73%
Epoch [34/100] Train Loss: 2.6361, Train Acc: 32.67%, Test Loss: 2.7078, Test Acc: 32.07%
Epoch [35/100] Train Loss: 2.6056, Train Acc: 33.40%, Test Loss: 2.7003, Test Acc: 31.68%
Epoch [36/100] Train Loss: 2.5756, Train Acc: 34.06%, Test Loss: 2.6721, Test Acc: 32.44%
Epoch [37/100] Train Loss: 2.5526, Train Acc: 34.51%, Test Loss: 2.6606, Test Acc: 33.03%
Epoch [38/100] Train Loss: 2.5317, Train Acc: 34.77%, Test Loss: 2.6501, Test Acc: 32.90%
Epoch [39/100] Train Loss: 2.5061, Train Acc: 35.39%, Test Loss: 2.6078, Test Acc: 33.63%
Epoch [40/100] Train Loss: 2.4818, Train Acc: 35.72%, Test Loss: 2.6073, Test Acc: 33.83%
Epoch [41/100] Train Loss: 2.4531, Train Acc: 36.42%, Test Loss: 2.5610, Test Acc: 34.91%
Epoch [42/100] Train Loss: 2.4367, Train Acc: 36.78%, Test Loss: 2.5686, Test Acc: 34.75%
Epoch [43/100] Train Loss: 2.4049, Train Acc: 37.55%, Test Loss: 2.5527, Test Acc: 35.23%
Epoch [44/100] Train Loss: 2.3915, Train Acc: 37.85%, Test Loss: 2.5431, Test Acc: 35.25%
Epoch [45/100] Train Loss: 2.3623, Train Acc: 38.40%, Test Loss: 2.5046, Test Acc: 36.11%
Epoch [46/100] Train Loss: 2.3449, Train Acc: 38.77%, Test Loss: 2.4961, Test Acc: 36.01%
Epoch [47/100] Train Loss: 2.3253, Train Acc: 39.14%, Test Loss: 2.4930, Test Acc: 36.15%
Epoch [48/100] Train Loss: 2.3046, Train Acc: 39.58%, Test Loss: 2.4676, Test Acc: 36.60%
Epoch [49/100] Train Loss: 2.2866, Train Acc: 40.09%, Test Loss: 2.4517, Test Acc: 36.91%
Epoch [50/100] Train Loss: 2.2681, Train Acc: 40.35%, Test Loss: 2.4475, Test Acc: 37.37%
Epoch [51/100] Train Loss: 2.2495, Train Acc: 40.76%, Test Loss: 2.4340, Test Acc: 37.40%
Epoch [52/100] Train Loss: 2.2338, Train Acc: 40.93%, Test Loss: 2.4487, Test Acc: 37.13%
Epoch [53/100] Train Loss: 2.2163, Train Acc: 41.50%, Test Loss: 2.4147, Test Acc: 38.13%
Epoch [54/100] Train Loss: 2.1972, Train Acc: 41.86%, Test Loss: 2.4092, Test Acc: 38.06%
Epoch [55/100] Train Loss: 2.1887, Train Acc: 42.06%, Test Loss: 2.3781, Test Acc: 38.93%
Epoch [56/100] Train Loss: 2.1714, Train Acc: 42.57%, Test Loss: 2.3726, Test Acc: 38.44%
Epoch [57/100] Train Loss: 2.1588, Train Acc: 42.73%, Test Loss: 2.3691, Test Acc: 38.80%
Epoch [58/100] Train Loss: 2.1378, Train Acc: 43.16%, Test Loss: 2.3748, Test Acc: 38.64%
Epoch [59/100] Train Loss: 2.1278, Train Acc: 43.52%, Test Loss: 2.3667, Test Acc: 39.13%
Epoch [60/100] Train Loss: 2.1144, Train Acc: 43.67%, Test Loss: 2.3436, Test Acc: 39.35%
Epoch [61/100] Train Loss: 2.1023, Train Acc: 44.18%, Test Loss: 2.3379, Test Acc: 39.48%
Epoch [62/100] Train Loss: 2.0898, Train Acc: 44.36%, Test Loss: 2.3377, Test Acc: 39.73%
Epoch [63/100] Train Loss: 2.0764, Train Acc: 44.53%, Test Loss: 2.3170, Test Acc: 39.88%
Epoch [64/100] Train Loss: 2.0638, Train Acc: 44.81%, Test Loss: 2.3129, Test Acc: 40.20%
Epoch [65/100] Train Loss: 2.0602, Train Acc: 45.19%, Test Loss: 2.3309, Test Acc: 39.76%
Epoch [66/100] Train Loss: 2.0511, Train Acc: 45.23%, Test Loss: 2.2969, Test Acc: 40.16%
Epoch [67/100] Train Loss: 2.0362, Train Acc: 45.46%, Test Loss: 2.2893, Test Acc: 40.63%
Epoch [68/100] Train Loss: 2.0282, Train Acc: 45.76%, Test Loss: 2.2939, Test Acc: 40.81%
Epoch [69/100] Train Loss: 2.0181, Train Acc: 46.06%, Test Loss: 2.2941, Test Acc: 40.57%
Epoch [70/100] Train Loss: 2.0051, Train Acc: 46.31%, Test Loss: 2.2838, Test Acc: 40.97%
Epoch [71/100] Train Loss: 2.0069, Train Acc: 46.27%, Test Loss: 2.2749, Test Acc: 40.95%
Epoch [72/100] Train Loss: 1.9952, Train Acc: 46.80%, Test Loss: 2.2730, Test Acc: 41.24%
Epoch [73/100] Train Loss: 1.9899, Train Acc: 46.75%, Test Loss: 2.2669, Test Acc: 41.23%
Epoch [74/100] Train Loss: 1.9809, Train Acc: 46.60%, Test Loss: 2.2674, Test Acc: 41.52%
Epoch [75/100] Train Loss: 1.9788, Train Acc: 47.19%, Test Loss: 2.2614, Test Acc: 41.49%
Epoch [76/100] Train Loss: 1.9733, Train Acc: 47.18%, Test Loss: 2.2616, Test Acc: 41.36%
Epoch [77/100] Train Loss: 1.9667, Train Acc: 47.16%, Test Loss: 2.2491, Test Acc: 41.41%
Epoch [78/100] Train Loss: 1.9554, Train Acc: 47.31%, Test Loss: 2.2567, Test Acc: 41.71%
Epoch [79/100] Train Loss: 1.9530, Train Acc: 47.45%, Test Loss: 2.2491, Test Acc: 41.54%
Epoch [80/100] Train Loss: 1.9459, Train Acc: 47.79%, Test Loss: 2.2529, Test Acc: 41.73%
Epoch [81/100] Train Loss: 1.9448, Train Acc: 47.72%, Test Loss: 2.2476, Test Acc: 42.08%
Epoch [82/100] Train Loss: 1.9385, Train Acc: 47.71%, Test Loss: 2.2473, Test Acc: 41.95%
Epoch [83/100] Train Loss: 1.9369, Train Acc: 47.86%, Test Loss: 2.2368, Test Acc: 42.02%
Epoch [84/100] Train Loss: 1.9385, Train Acc: 47.90%, Test Loss: 2.2469, Test Acc: 42.08%
Epoch [85/100] Train Loss: 1.9355, Train Acc: 47.92%, Test Loss: 2.2367, Test Acc: 42.16%
Epoch [86/100] Train Loss: 1.9315, Train Acc: 47.99%, Test Loss: 2.2363, Test Acc: 42.28%
Epoch [87/100] Train Loss: 1.9266, Train Acc: 48.44%, Test Loss: 2.2387, Test Acc: 42.08%
Epoch [88/100] Train Loss: 1.9226, Train Acc: 48.37%, Test Loss: 2.2344, Test Acc: 42.15%
Epoch [89/100] Train Loss: 1.9181, Train Acc: 48.30%, Test Loss: 2.2365, Test Acc: 42.31%
Epoch [90/100] Train Loss: 1.9231, Train Acc: 48.18%, Test Loss: 2.2375, Test Acc: 41.97%
Epoch [91/100] Train Loss: 1.9195, Train Acc: 48.18%, Test Loss: 2.2365, Test Acc: 42.29%
Epoch [92/100] Train Loss: 1.9175, Train Acc: 48.40%, Test Loss: 2.2374, Test Acc: 42.20%
Epoch [93/100] Train Loss: 1.9172, Train Acc: 48.41%, Test Loss: 2.2425, Test Acc: 41.93%
Epoch [94/100] Train Loss: 1.9134, Train Acc: 48.41%, Test Loss: 2.2379, Test Acc: 42.14%
Epoch [95/100] Train Loss: 1.9159, Train Acc: 48.56%, Test Loss: 2.2353, Test Acc: 42.26%
Early stopping triggered
Training completed. Best accuracy: 42.31%
Average epoch duration: 19.23 s
