Training Configuration:
Model: resnet50
Batch size: 64
Epochs: 100
Learning rate: 0.03
Weight decay: 3e-05
Scheduler: cosine
Pretrained: False
Device: cuda

Epoch [1/100] Train Loss: 4.4566, Train Acc: 4.25%, Test Loss: 3.8623, Test Acc: 10.05%
Epoch [2/100] Train Loss: 3.7114, Train Acc: 12.07%, Test Loss: 3.6534, Test Acc: 16.18%
Epoch [3/100] Train Loss: 3.3234, Train Acc: 18.76%, Test Loss: 3.1105, Test Acc: 24.08%
Epoch [4/100] Train Loss: 2.9643, Train Acc: 25.50%, Test Loss: 2.9383, Test Acc: 28.28%
Epoch [5/100] Train Loss: 2.6085, Train Acc: 32.50%, Test Loss: 2.8118, Test Acc: 36.41%
Epoch [6/100] Train Loss: 2.2909, Train Acc: 38.94%, Test Loss: 2.2075, Test Acc: 42.22%
Epoch [7/100] Train Loss: 2.0116, Train Acc: 45.48%, Test Loss: 1.9531, Test Acc: 47.31%
Epoch [8/100] Train Loss: 1.7861, Train Acc: 50.50%, Test Loss: 1.7915, Test Acc: 50.57%
Epoch [9/100] Train Loss: 1.6258, Train Acc: 54.44%, Test Loss: 1.6938, Test Acc: 53.67%
Epoch [10/100] Train Loss: 1.4802, Train Acc: 57.81%, Test Loss: 1.6524, Test Acc: 54.93%
Epoch [11/100] Train Loss: 1.3709, Train Acc: 60.53%, Test Loss: 1.6172, Test Acc: 57.00%
Epoch [12/100] Train Loss: 1.2548, Train Acc: 63.51%, Test Loss: 1.5214, Test Acc: 58.64%
Epoch [13/100] Train Loss: 1.1677, Train Acc: 65.67%, Test Loss: 1.4529, Test Acc: 59.94%
Epoch [14/100] Train Loss: 1.0817, Train Acc: 68.00%, Test Loss: 1.4377, Test Acc: 60.59%
Epoch [15/100] Train Loss: 1.0108, Train Acc: 69.87%, Test Loss: 1.3923, Test Acc: 62.60%
Epoch [16/100] Train Loss: 0.9447, Train Acc: 71.41%, Test Loss: 1.4026, Test Acc: 62.99%
Epoch [17/100] Train Loss: 0.8762, Train Acc: 73.44%, Test Loss: 1.4307, Test Acc: 62.45%
Epoch [18/100] Train Loss: 0.8158, Train Acc: 75.06%, Test Loss: 1.3514, Test Acc: 65.05%
Epoch [19/100] Train Loss: 0.7660, Train Acc: 76.17%, Test Loss: 1.4205, Test Acc: 64.29%
Epoch [20/100] Train Loss: 0.7031, Train Acc: 78.18%, Test Loss: 1.3554, Test Acc: 65.10%
Epoch [21/100] Train Loss: 0.6607, Train Acc: 79.16%, Test Loss: 1.3673, Test Acc: 65.84%
Epoch [22/100] Train Loss: 0.6286, Train Acc: 80.06%, Test Loss: 1.4086, Test Acc: 66.10%
Epoch [23/100] Train Loss: 0.5691, Train Acc: 81.97%, Test Loss: 1.4114, Test Acc: 66.21%
Epoch [24/100] Train Loss: 0.5263, Train Acc: 83.12%, Test Loss: 1.4246, Test Acc: 67.06%
Epoch [25/100] Train Loss: 0.5075, Train Acc: 83.78%, Test Loss: 1.4874, Test Acc: 65.55%
Early stopping triggered
Training completed. Best accuracy: 67.06%
Average epoch duration: 54.13 s
