Training Configuration:
Model: resnet50
Batch size: 128
Epochs: 100
Learning rate: 0.01
Weight decay: 3e-05
Scheduler: cosine
Pretrained: False
Device: cuda

Epoch [1/100] Train Loss: 4.3300, Train Acc: 5.67%, Test Loss: 3.8741, Test Acc: 10.15%
Epoch [2/100] Train Loss: 3.6804, Train Acc: 12.79%, Test Loss: 3.4583, Test Acc: 16.94%
Epoch [3/100] Train Loss: 3.3694, Train Acc: 18.56%, Test Loss: 3.2867, Test Acc: 21.23%
Epoch [4/100] Train Loss: 3.0679, Train Acc: 23.60%, Test Loss: 2.9574, Test Acc: 26.84%
Epoch [5/100] Train Loss: 2.8164, Train Acc: 28.33%, Test Loss: 2.9620, Test Acc: 28.72%
Epoch [6/100] Train Loss: 2.5832, Train Acc: 33.07%, Test Loss: 2.5828, Test Acc: 34.05%
Epoch [7/100] Train Loss: 2.3663, Train Acc: 37.89%, Test Loss: 2.5781, Test Acc: 35.81%
Epoch [8/100] Train Loss: 2.1880, Train Acc: 41.30%, Test Loss: 2.2399, Test Acc: 41.62%
Epoch [9/100] Train Loss: 2.0330, Train Acc: 44.63%, Test Loss: 2.3294, Test Acc: 42.63%
Epoch [10/100] Train Loss: 1.8967, Train Acc: 47.52%, Test Loss: 2.0581, Test Acc: 46.22%
Epoch [11/100] Train Loss: 1.7765, Train Acc: 50.46%, Test Loss: 1.9594, Test Acc: 48.33%
Epoch [12/100] Train Loss: 1.6550, Train Acc: 53.59%, Test Loss: 1.9325, Test Acc: 48.16%
Epoch [13/100] Train Loss: 1.5573, Train Acc: 55.95%, Test Loss: 1.8666, Test Acc: 50.72%
Epoch [14/100] Train Loss: 1.4704, Train Acc: 58.06%, Test Loss: 1.8628, Test Acc: 52.46%
Epoch [15/100] Train Loss: 1.3747, Train Acc: 60.47%, Test Loss: 3.0018, Test Acc: 43.64%
Epoch [16/100] Train Loss: 1.3419, Train Acc: 61.28%, Test Loss: 1.8654, Test Acc: 53.60%
Epoch [17/100] Train Loss: 1.2353, Train Acc: 63.95%, Test Loss: 1.7313, Test Acc: 55.91%
Epoch [18/100] Train Loss: 1.1640, Train Acc: 65.57%, Test Loss: 1.6748, Test Acc: 56.45%
Epoch [19/100] Train Loss: 1.0834, Train Acc: 67.68%, Test Loss: 1.6276, Test Acc: 58.16%
Epoch [20/100] Train Loss: 1.0107, Train Acc: 69.86%, Test Loss: 1.6478, Test Acc: 57.22%
Epoch [21/100] Train Loss: 0.9585, Train Acc: 71.13%, Test Loss: 1.7130, Test Acc: 58.64%
Epoch [22/100] Train Loss: 0.8920, Train Acc: 72.87%, Test Loss: 1.6505, Test Acc: 58.88%
Epoch [23/100] Train Loss: 0.8350, Train Acc: 74.39%, Test Loss: 1.7173, Test Acc: 58.68%
Epoch [24/100] Train Loss: 0.7918, Train Acc: 75.53%, Test Loss: 1.7038, Test Acc: 58.51%
Epoch [25/100] Train Loss: 0.7350, Train Acc: 77.15%, Test Loss: 1.6615, Test Acc: 60.70%
Epoch [26/100] Train Loss: 0.6815, Train Acc: 78.75%, Test Loss: 1.7319, Test Acc: 60.27%
Early stopping triggered
Training completed. Best accuracy: 60.70%
Average epoch duration: 21.78 s
