Training Configuration:
Model: resnet50
Batch size: 64
Epochs: 100
Learning rate: 0.01
Weight decay: 0.0003
Scheduler: cosine
Pretrained: False
Device: cuda

Epoch [1/100] Train Loss: 4.1896, Train Acc: 7.08%, Test Loss: 3.7565, Test Acc: 12.18%
Epoch [2/100] Train Loss: 3.5813, Train Acc: 14.24%, Test Loss: 3.3094, Test Acc: 18.71%
Epoch [3/100] Train Loss: 3.2124, Train Acc: 20.81%, Test Loss: 3.0847, Test Acc: 25.15%
Epoch [4/100] Train Loss: 2.8899, Train Acc: 26.85%, Test Loss: 2.7948, Test Acc: 30.92%
Epoch [5/100] Train Loss: 2.5809, Train Acc: 33.13%, Test Loss: 2.5553, Test Acc: 36.57%
Epoch [6/100] Train Loss: 2.3071, Train Acc: 38.58%, Test Loss: 2.4100, Test Acc: 38.86%
Epoch [7/100] Train Loss: 2.0663, Train Acc: 43.82%, Test Loss: 2.2289, Test Acc: 44.32%
Epoch [8/100] Train Loss: 1.8706, Train Acc: 48.42%, Test Loss: 1.9946, Test Acc: 47.28%
Epoch [9/100] Train Loss: 1.7256, Train Acc: 51.63%, Test Loss: 1.7470, Test Acc: 52.39%
Epoch [10/100] Train Loss: 1.5816, Train Acc: 55.24%, Test Loss: 1.7201, Test Acc: 53.51%
Epoch [11/100] Train Loss: 1.4746, Train Acc: 57.80%, Test Loss: 1.7101, Test Acc: 53.21%
Epoch [12/100] Train Loss: 1.3717, Train Acc: 60.42%, Test Loss: 1.7298, Test Acc: 55.65%
Epoch [13/100] Train Loss: 1.2811, Train Acc: 62.88%, Test Loss: 1.5979, Test Acc: 58.30%
Epoch [14/100] Train Loss: 1.1979, Train Acc: 64.94%, Test Loss: 1.5052, Test Acc: 59.19%
Epoch [15/100] Train Loss: 1.1267, Train Acc: 66.76%, Test Loss: 1.6500, Test Acc: 56.81%
Epoch [16/100] Train Loss: 1.0594, Train Acc: 68.57%, Test Loss: 1.4963, Test Acc: 60.30%
Epoch [17/100] Train Loss: 1.0030, Train Acc: 70.03%, Test Loss: 1.5332, Test Acc: 60.94%
Epoch [18/100] Train Loss: 0.9499, Train Acc: 71.30%, Test Loss: 1.4109, Test Acc: 62.11%
Epoch [19/100] Train Loss: 0.8976, Train Acc: 72.83%, Test Loss: 1.8008, Test Acc: 62.78%
Epoch [20/100] Train Loss: 0.8362, Train Acc: 74.36%, Test Loss: 1.3714, Test Acc: 64.17%
Epoch [21/100] Train Loss: 0.7882, Train Acc: 75.74%, Test Loss: 1.4623, Test Acc: 63.99%
Epoch [22/100] Train Loss: 0.7451, Train Acc: 76.91%, Test Loss: 1.3287, Test Acc: 65.10%
Epoch [23/100] Train Loss: 0.6963, Train Acc: 78.29%, Test Loss: 1.3452, Test Acc: 65.03%
Epoch [24/100] Train Loss: 0.6495, Train Acc: 79.76%, Test Loss: 1.3252, Test Acc: 66.20%
Epoch [25/100] Train Loss: 0.6166, Train Acc: 80.65%, Test Loss: 1.3190, Test Acc: 66.84%
Epoch [26/100] Train Loss: 0.5685, Train Acc: 82.15%, Test Loss: 1.3928, Test Acc: 65.62%
Epoch [27/100] Train Loss: 0.5400, Train Acc: 82.91%, Test Loss: 1.3428, Test Acc: 66.73%
Epoch [28/100] Train Loss: 0.5000, Train Acc: 83.94%, Test Loss: 1.3814, Test Acc: 66.21%
Epoch [29/100] Train Loss: 0.4705, Train Acc: 85.02%, Test Loss: 1.4042, Test Acc: 65.91%
Epoch [30/100] Train Loss: 0.4534, Train Acc: 85.46%, Test Loss: 1.3857, Test Acc: 65.96%
Epoch [31/100] Train Loss: 0.4065, Train Acc: 87.05%, Test Loss: 1.3944, Test Acc: 66.30%
Epoch [32/100] Train Loss: 0.3827, Train Acc: 87.69%, Test Loss: 1.4077, Test Acc: 67.11%
Early stopping triggered
Training completed. Best accuracy: 67.11%
Average epoch duration: 32.45 s
