Training Configuration:
Model: resnet50
Batch size: 64
Epochs: 100
Learning rate: 0.05
Weight decay: 0.0001
Scheduler: step
Pretrained: False
Device: cuda

Epoch [1/100] Train Loss: 4.7745, Train Acc: 1.21%, Test Loss: 4.5467, Test Acc: 1.85%
Epoch [2/100] Train Loss: 4.2356, Train Acc: 4.38%, Test Loss: 4.0356, Test Acc: 6.60%
Epoch [3/100] Train Loss: 3.8978, Train Acc: 8.63%, Test Loss: 3.7849, Test Acc: 10.99%
Epoch [4/100] Train Loss: 3.5764, Train Acc: 14.02%, Test Loss: 3.3990, Test Acc: 17.88%
Epoch [5/100] Train Loss: 3.2554, Train Acc: 19.99%, Test Loss: 3.2052, Test Acc: 20.78%
Epoch [6/100] Train Loss: 2.9522, Train Acc: 25.88%, Test Loss: 2.8197, Test Acc: 27.91%
Epoch [7/100] Train Loss: 2.6492, Train Acc: 32.06%, Test Loss: 2.5769, Test Acc: 33.76%
Epoch [8/100] Train Loss: 2.3978, Train Acc: 36.89%, Test Loss: 2.3657, Test Acc: 39.03%
Epoch [9/100] Train Loss: 2.1740, Train Acc: 41.84%, Test Loss: 2.3998, Test Acc: 41.30%
Epoch [10/100] Train Loss: 2.0008, Train Acc: 45.43%, Test Loss: 3.4387, Test Acc: 44.90%
Epoch [11/100] Train Loss: 1.8311, Train Acc: 49.50%, Test Loss: 1.9443, Test Acc: 48.39%
Epoch [12/100] Train Loss: 1.6986, Train Acc: 52.41%, Test Loss: 1.8154, Test Acc: 51.81%
Epoch [13/100] Train Loss: 1.5878, Train Acc: 55.39%, Test Loss: 1.6916, Test Acc: 54.09%
Epoch [14/100] Train Loss: 1.4837, Train Acc: 57.91%, Test Loss: 1.6564, Test Acc: 55.14%
Epoch [15/100] Train Loss: 1.3984, Train Acc: 60.15%, Test Loss: 1.5771, Test Acc: 57.14%
Epoch [16/100] Train Loss: 1.3194, Train Acc: 62.04%, Test Loss: 1.5792, Test Acc: 57.97%
Epoch [17/100] Train Loss: 1.2424, Train Acc: 64.03%, Test Loss: 1.6025, Test Acc: 57.24%
Epoch [18/100] Train Loss: 1.1883, Train Acc: 65.35%, Test Loss: 1.4799, Test Acc: 59.16%
Epoch [19/100] Train Loss: 1.1153, Train Acc: 67.17%, Test Loss: 1.5491, Test Acc: 58.17%
Epoch [20/100] Train Loss: 1.0607, Train Acc: 68.67%, Test Loss: 1.5720, Test Acc: 58.92%
Epoch [21/100] Train Loss: 1.0069, Train Acc: 69.79%, Test Loss: 1.4474, Test Acc: 61.05%
Epoch [22/100] Train Loss: 0.9519, Train Acc: 71.30%, Test Loss: 1.4435, Test Acc: 60.63%
Epoch [23/100] Train Loss: 0.9122, Train Acc: 72.51%, Test Loss: 1.5123, Test Acc: 61.31%
Epoch [24/100] Train Loss: 0.8696, Train Acc: 73.76%, Test Loss: 1.3878, Test Acc: 63.52%
Epoch [25/100] Train Loss: 0.8302, Train Acc: 74.63%, Test Loss: 1.5211, Test Acc: 60.94%
Epoch [26/100] Train Loss: 0.7903, Train Acc: 75.74%, Test Loss: 1.4616, Test Acc: 62.64%
Epoch [27/100] Train Loss: 0.7553, Train Acc: 76.95%, Test Loss: 1.4113, Test Acc: 63.69%
Epoch [28/100] Train Loss: 0.7212, Train Acc: 77.66%, Test Loss: 1.3863, Test Acc: 64.09%
Epoch [29/100] Train Loss: 0.6870, Train Acc: 78.51%, Test Loss: 1.3933, Test Acc: 64.50%
Epoch [30/100] Train Loss: 0.6633, Train Acc: 79.39%, Test Loss: 1.3577, Test Acc: 65.40%
Epoch [31/100] Train Loss: 0.3551, Train Acc: 89.25%, Test Loss: 1.1332, Test Acc: 71.68%
Epoch [32/100] Train Loss: 0.2545, Train Acc: 92.29%, Test Loss: 1.1375, Test Acc: 71.70%
Epoch [33/100] Train Loss: 0.2156, Train Acc: 93.50%, Test Loss: 1.1624, Test Acc: 72.12%
Epoch [34/100] Train Loss: 0.1887, Train Acc: 94.35%, Test Loss: 1.1768, Test Acc: 72.08%
Epoch [35/100] Train Loss: 0.1721, Train Acc: 94.99%, Test Loss: 1.1871, Test Acc: 72.23%
Epoch [36/100] Train Loss: 0.1518, Train Acc: 95.52%, Test Loss: 1.2100, Test Acc: 72.34%
Epoch [37/100] Train Loss: 0.1403, Train Acc: 95.98%, Test Loss: 1.2423, Test Acc: 72.10%
Epoch [38/100] Train Loss: 0.1238, Train Acc: 96.56%, Test Loss: 1.2551, Test Acc: 71.77%
Early stopping triggered
Training completed. Best accuracy: 72.34%
Average epoch duration: 37.26 s
