Training Configuration:
Model: resnet50
Batch size: 16
Epochs: 100
Learning rate: 0.02
Weight decay: 0.0001
Scheduler: step
Pretrained: False
Device: cuda

Epoch [1/100] Train Loss: 4.3566, Train Acc: 4.98%, Test Loss: 3.8566, Test Acc: 10.14%
Epoch [2/100] Train Loss: 3.6632, Train Acc: 13.29%, Test Loss: 3.3645, Test Acc: 18.32%
Epoch [3/100] Train Loss: 3.2058, Train Acc: 21.12%, Test Loss: 3.0051, Test Acc: 26.59%
Epoch [4/100] Train Loss: 2.8105, Train Acc: 29.00%, Test Loss: 2.5340, Test Acc: 34.66%
Epoch [5/100] Train Loss: 2.4647, Train Acc: 35.59%, Test Loss: 2.2467, Test Acc: 40.46%
Epoch [6/100] Train Loss: 2.1911, Train Acc: 41.78%, Test Loss: 2.0824, Test Acc: 44.12%
Epoch [7/100] Train Loss: 1.9738, Train Acc: 46.75%, Test Loss: 1.8657, Test Acc: 49.18%
Epoch [8/100] Train Loss: 1.8160, Train Acc: 50.11%, Test Loss: 1.7525, Test Acc: 51.86%
Epoch [9/100] Train Loss: 1.6708, Train Acc: 53.58%, Test Loss: 1.6463, Test Acc: 55.32%
Epoch [10/100] Train Loss: 1.5551, Train Acc: 56.45%, Test Loss: 1.6307, Test Acc: 55.53%
Epoch [11/100] Train Loss: 1.4504, Train Acc: 58.90%, Test Loss: 1.5691, Test Acc: 57.46%
Epoch [12/100] Train Loss: 1.3636, Train Acc: 61.16%, Test Loss: 1.5074, Test Acc: 58.45%
Epoch [13/100] Train Loss: 1.2937, Train Acc: 62.76%, Test Loss: 1.5019, Test Acc: 59.52%
Epoch [14/100] Train Loss: 1.2199, Train Acc: 64.72%, Test Loss: 1.3975, Test Acc: 61.81%
Epoch [15/100] Train Loss: 1.1702, Train Acc: 65.94%, Test Loss: 1.3746, Test Acc: 62.21%
Epoch [16/100] Train Loss: 1.1228, Train Acc: 67.11%, Test Loss: 1.3337, Test Acc: 63.44%
Epoch [17/100] Train Loss: 1.0809, Train Acc: 68.31%, Test Loss: 1.4039, Test Acc: 62.22%
Epoch [18/100] Train Loss: 1.0368, Train Acc: 69.41%, Test Loss: 1.3519, Test Acc: 63.30%
Epoch [19/100] Train Loss: 0.9943, Train Acc: 70.58%, Test Loss: 1.2509, Test Acc: 65.68%
Epoch [20/100] Train Loss: 0.9612, Train Acc: 71.44%, Test Loss: 1.3505, Test Acc: 64.39%
Epoch [21/100] Train Loss: 0.9366, Train Acc: 72.06%, Test Loss: 1.3310, Test Acc: 64.28%
Epoch [22/100] Train Loss: 0.9067, Train Acc: 72.93%, Test Loss: 1.3380, Test Acc: 64.32%
Epoch [23/100] Train Loss: 0.8777, Train Acc: 73.67%, Test Loss: 1.2927, Test Acc: 65.11%
Epoch [24/100] Train Loss: 0.8559, Train Acc: 74.00%, Test Loss: 1.2754, Test Acc: 66.08%
Epoch [25/100] Train Loss: 0.8330, Train Acc: 74.96%, Test Loss: 1.2918, Test Acc: 66.03%
Epoch [26/100] Train Loss: 0.8150, Train Acc: 75.34%, Test Loss: 1.2581, Test Acc: 66.60%
Early stopping triggered
Training completed. Best accuracy: 66.60%
Average epoch duration: 154.81 s
