Training Configuration:
Model: resnet50
Batch size: 8
Epochs: 100
Learning rate: 0.005
Weight decay: 0.0001
Scheduler: plateau
Pretrained: False
Device: cuda

Epoch [1/100] Train Loss: 4.3351, Train Acc: 4.84%, Test Loss: 4.5754, Test Acc: 8.96%
Epoch [2/100] Train Loss: 3.7973, Train Acc: 10.86%, Test Loss: 3.4815, Test Acc: 17.15%
Epoch [3/100] Train Loss: 3.3465, Train Acc: 18.56%, Test Loss: 5.9341, Test Acc: 24.94%
Epoch [4/100] Train Loss: 2.8920, Train Acc: 26.95%, Test Loss: 2.6509, Test Acc: 32.89%
Epoch [5/100] Train Loss: 2.4897, Train Acc: 35.16%, Test Loss: 2.2148, Test Acc: 41.31%
Epoch [6/100] Train Loss: 2.1889, Train Acc: 41.74%, Test Loss: 1.9982, Test Acc: 46.43%
Epoch [7/100] Train Loss: 1.9432, Train Acc: 47.20%, Test Loss: 1.7530, Test Acc: 52.40%
Epoch [8/100] Train Loss: 1.7627, Train Acc: 51.35%, Test Loss: 1.7468, Test Acc: 54.49%
Epoch [9/100] Train Loss: 1.6251, Train Acc: 54.42%, Test Loss: 1.5515, Test Acc: 56.91%
Epoch [10/100] Train Loss: 1.5062, Train Acc: 57.51%, Test Loss: 1.5318, Test Acc: 58.45%
Epoch [11/100] Train Loss: 1.4124, Train Acc: 59.77%, Test Loss: 1.4801, Test Acc: 59.46%
Epoch [12/100] Train Loss: 1.3264, Train Acc: 62.03%, Test Loss: 1.4196, Test Acc: 61.91%
Epoch [13/100] Train Loss: 1.2516, Train Acc: 63.96%, Test Loss: 1.3693, Test Acc: 62.34%
Epoch [14/100] Train Loss: 1.1802, Train Acc: 65.69%, Test Loss: 1.3390, Test Acc: 62.89%
Epoch [15/100] Train Loss: 1.1194, Train Acc: 66.94%, Test Loss: 1.2685, Test Acc: 65.26%
Epoch [16/100] Train Loss: 1.0702, Train Acc: 68.68%, Test Loss: 1.2916, Test Acc: 64.44%
Epoch [17/100] Train Loss: 1.0199, Train Acc: 69.81%, Test Loss: 1.3047, Test Acc: 65.46%
Epoch [18/100] Train Loss: 0.9694, Train Acc: 71.26%, Test Loss: 1.2991, Test Acc: 65.40%
Epoch [19/100] Train Loss: 0.9289, Train Acc: 72.13%, Test Loss: 1.3406, Test Acc: 65.46%
Epoch [20/100] Train Loss: 0.8908, Train Acc: 73.29%, Test Loss: 1.2570, Test Acc: 66.20%
Epoch [21/100] Train Loss: 0.8573, Train Acc: 74.12%, Test Loss: 1.2501, Test Acc: 67.16%
Epoch [22/100] Train Loss: 0.8147, Train Acc: 75.18%, Test Loss: 1.2988, Test Acc: 66.99%
Epoch [23/100] Train Loss: 0.7914, Train Acc: 75.90%, Test Loss: 1.1894, Test Acc: 68.08%
Epoch [24/100] Train Loss: 0.7616, Train Acc: 76.80%, Test Loss: 1.2754, Test Acc: 67.00%
Epoch [25/100] Train Loss: 0.7385, Train Acc: 77.48%, Test Loss: 1.2616, Test Acc: 68.32%
Epoch [26/100] Train Loss: 0.7076, Train Acc: 78.39%, Test Loss: 1.2581, Test Acc: 67.58%
Epoch [27/100] Train Loss: 0.6928, Train Acc: 78.66%, Test Loss: 1.2280, Test Acc: 68.48%
Epoch [28/100] Train Loss: 0.6668, Train Acc: 79.58%, Test Loss: 1.2613, Test Acc: 68.95%
Epoch [29/100] Train Loss: 0.6467, Train Acc: 79.97%, Test Loss: 1.2089, Test Acc: 69.27%
Epoch [30/100] Train Loss: 0.3784, Train Acc: 88.48%, Test Loss: 1.0768, Test Acc: 74.08%
Epoch [31/100] Train Loss: 0.2976, Train Acc: 90.87%, Test Loss: 1.0801, Test Acc: 74.53%
Epoch [32/100] Train Loss: 0.2584, Train Acc: 92.20%, Test Loss: 1.1010, Test Acc: 74.70%
Epoch [33/100] Train Loss: 0.2362, Train Acc: 92.82%, Test Loss: 1.1096, Test Acc: 74.94%
Epoch [34/100] Train Loss: 0.2259, Train Acc: 93.04%, Test Loss: 1.1102, Test Acc: 75.12%
Epoch [35/100] Train Loss: 0.2063, Train Acc: 93.74%, Test Loss: 1.1301, Test Acc: 75.28%
Epoch [36/100] Train Loss: 0.1951, Train Acc: 94.28%, Test Loss: 1.1339, Test Acc: 75.06%
Epoch [37/100] Train Loss: 0.1770, Train Acc: 94.78%, Test Loss: 1.1263, Test Acc: 75.14%
Early stopping triggered
Training completed. Best accuracy: 75.28%
Average epoch duration: 221.05 s
