Training Configuration:
Model: resnet50
Batch size: 32
Epochs: 100
Learning rate: 0.05
Weight decay: 0.0001
Scheduler: cosine
Pretrained: False
Device: cuda

Epoch [1/100] Train Loss: 4.5962, Train Acc: 2.62%, Test Loss: 4.1997, Test Acc: 5.20%
Epoch [2/100] Train Loss: 4.0245, Train Acc: 6.77%, Test Loss: 3.7607, Test Acc: 10.57%
Epoch [3/100] Train Loss: 3.7068, Train Acc: 11.96%, Test Loss: 3.5099, Test Acc: 15.33%
Epoch [4/100] Train Loss: 3.4008, Train Acc: 17.46%, Test Loss: 3.2922, Test Acc: 20.97%
Epoch [5/100] Train Loss: 3.1343, Train Acc: 22.50%, Test Loss: 3.0365, Test Acc: 25.85%
Epoch [6/100] Train Loss: 2.8514, Train Acc: 28.05%, Test Loss: 2.6797, Test Acc: 31.76%
Epoch [7/100] Train Loss: 2.5510, Train Acc: 34.02%, Test Loss: 2.3761, Test Acc: 38.63%
Epoch [8/100] Train Loss: 2.2940, Train Acc: 39.25%, Test Loss: 2.1381, Test Acc: 43.29%
Epoch [9/100] Train Loss: 2.0800, Train Acc: 44.12%, Test Loss: 1.9900, Test Acc: 46.71%
Epoch [10/100] Train Loss: 1.9014, Train Acc: 48.06%, Test Loss: 1.8822, Test Acc: 49.60%
Epoch [11/100] Train Loss: 1.7442, Train Acc: 51.69%, Test Loss: 1.8159, Test Acc: 51.15%
Epoch [12/100] Train Loss: 1.6248, Train Acc: 54.77%, Test Loss: 1.6791, Test Acc: 53.53%
Epoch [13/100] Train Loss: 1.5211, Train Acc: 57.15%, Test Loss: 1.6180, Test Acc: 55.55%
Epoch [14/100] Train Loss: 1.4291, Train Acc: 59.27%, Test Loss: 1.6132, Test Acc: 56.49%
Epoch [15/100] Train Loss: 1.3624, Train Acc: 61.04%, Test Loss: 1.5430, Test Acc: 57.96%
Epoch [16/100] Train Loss: 1.2885, Train Acc: 62.86%, Test Loss: 1.4998, Test Acc: 58.80%
Epoch [17/100] Train Loss: 1.2313, Train Acc: 64.22%, Test Loss: 1.4944, Test Acc: 59.31%
Epoch [18/100] Train Loss: 1.1788, Train Acc: 65.64%, Test Loss: 1.4433, Test Acc: 60.73%
Epoch [19/100] Train Loss: 1.1274, Train Acc: 66.83%, Test Loss: 1.4154, Test Acc: 61.46%
Epoch [20/100] Train Loss: 1.0819, Train Acc: 68.14%, Test Loss: 1.3825, Test Acc: 62.45%
Epoch [21/100] Train Loss: 1.0437, Train Acc: 69.19%, Test Loss: 1.3364, Test Acc: 63.53%
Epoch [22/100] Train Loss: 0.9997, Train Acc: 70.08%, Test Loss: 1.4062, Test Acc: 62.67%
Epoch [23/100] Train Loss: 0.9765, Train Acc: 70.93%, Test Loss: 1.3590, Test Acc: 63.52%
Epoch [24/100] Train Loss: 0.9344, Train Acc: 71.98%, Test Loss: 1.3910, Test Acc: 63.37%
Epoch [25/100] Train Loss: 0.8995, Train Acc: 72.98%, Test Loss: 1.3108, Test Acc: 64.87%
Epoch [26/100] Train Loss: 0.8689, Train Acc: 73.87%, Test Loss: 1.2989, Test Acc: 65.05%
Epoch [27/100] Train Loss: 0.8396, Train Acc: 74.57%, Test Loss: 1.3981, Test Acc: 63.55%
Epoch [28/100] Train Loss: 0.8143, Train Acc: 75.35%, Test Loss: 1.3045, Test Acc: 64.93%
Epoch [29/100] Train Loss: 0.7837, Train Acc: 76.05%, Test Loss: 1.3662, Test Acc: 64.67%
Epoch [30/100] Train Loss: 0.7587, Train Acc: 76.71%, Test Loss: 1.2882, Test Acc: 65.26%
Epoch [31/100] Train Loss: 0.7322, Train Acc: 77.56%, Test Loss: 1.3701, Test Acc: 64.35%
Epoch [32/100] Train Loss: 0.7044, Train Acc: 78.07%, Test Loss: 1.3053, Test Acc: 66.50%
Epoch [33/100] Train Loss: 0.6782, Train Acc: 78.99%, Test Loss: 1.2557, Test Acc: 68.01%
Epoch [34/100] Train Loss: 0.6589, Train Acc: 79.54%, Test Loss: 1.3139, Test Acc: 66.25%
Epoch [35/100] Train Loss: 0.6360, Train Acc: 80.30%, Test Loss: 1.3376, Test Acc: 66.71%
Epoch [36/100] Train Loss: 0.6092, Train Acc: 80.97%, Test Loss: 1.2760, Test Acc: 66.22%
Epoch [37/100] Train Loss: 0.5973, Train Acc: 81.32%, Test Loss: 1.3297, Test Acc: 67.12%
Epoch [38/100] Train Loss: 0.5670, Train Acc: 82.32%, Test Loss: 1.2644, Test Acc: 67.69%
Epoch [39/100] Train Loss: 0.5399, Train Acc: 83.00%, Test Loss: 1.3800, Test Acc: 66.67%
Epoch [40/100] Train Loss: 0.5268, Train Acc: 83.33%, Test Loss: 1.3319, Test Acc: 67.58%
Early stopping triggered
Training completed. Best accuracy: 68.01%
Average epoch duration: 57.34 s
