Training Configuration:
Model: resnet50
Batch size: 8
Epochs: 100
Learning rate: 0.02
Weight decay: 0.0001
Scheduler: plateau
Pretrained: False
Device: cuda

Epoch [1/100] Train Loss: 4.4067, Train Acc: 4.11%, Test Loss: 4.2810, Test Acc: 8.62%
Epoch [2/100] Train Loss: 3.7592, Train Acc: 11.69%, Test Loss: 3.3936, Test Acc: 17.92%
Epoch [3/100] Train Loss: 3.3300, Train Acc: 18.97%, Test Loss: 3.0418, Test Acc: 25.00%
Epoch [4/100] Train Loss: 2.9939, Train Acc: 25.44%, Test Loss: 2.7794, Test Acc: 29.98%
Epoch [5/100] Train Loss: 2.7068, Train Acc: 31.28%, Test Loss: 2.5624, Test Acc: 34.57%
Epoch [6/100] Train Loss: 2.4404, Train Acc: 36.67%, Test Loss: 2.2518, Test Acc: 41.48%
Epoch [7/100] Train Loss: 2.2324, Train Acc: 41.07%, Test Loss: 2.1044, Test Acc: 44.64%
Epoch [8/100] Train Loss: 2.0471, Train Acc: 44.89%, Test Loss: 1.9180, Test Acc: 48.79%
Epoch [9/100] Train Loss: 1.9016, Train Acc: 48.43%, Test Loss: 1.7805, Test Acc: 51.90%
Epoch [10/100] Train Loss: 1.7818, Train Acc: 50.98%, Test Loss: 1.7568, Test Acc: 53.18%
Epoch [11/100] Train Loss: 1.6921, Train Acc: 53.22%, Test Loss: 1.7151, Test Acc: 53.97%
Epoch [12/100] Train Loss: 1.6178, Train Acc: 55.05%, Test Loss: 1.6769, Test Acc: 54.89%
Epoch [13/100] Train Loss: 1.5633, Train Acc: 56.23%, Test Loss: 1.6725, Test Acc: 55.11%
Epoch [14/100] Train Loss: 1.4997, Train Acc: 57.85%, Test Loss: 1.9042, Test Acc: 52.95%
Epoch [15/100] Train Loss: 1.4533, Train Acc: 58.98%, Test Loss: 1.5650, Test Acc: 58.11%
Epoch [16/100] Train Loss: 1.4095, Train Acc: 60.24%, Test Loss: 1.5184, Test Acc: 59.47%
Epoch [17/100] Train Loss: 1.3791, Train Acc: 60.82%, Test Loss: 1.5518, Test Acc: 58.77%
Epoch [18/100] Train Loss: 1.3435, Train Acc: 61.73%, Test Loss: 1.5310, Test Acc: 59.47%
Epoch [19/100] Train Loss: 1.3138, Train Acc: 62.65%, Test Loss: 1.4955, Test Acc: 59.95%
Epoch [20/100] Train Loss: 1.2904, Train Acc: 63.08%, Test Loss: 1.5017, Test Acc: 60.33%
Epoch [21/100] Train Loss: 1.2598, Train Acc: 63.98%, Test Loss: 1.4607, Test Acc: 60.77%
Epoch [22/100] Train Loss: 1.2381, Train Acc: 64.46%, Test Loss: 1.3941, Test Acc: 62.35%
Epoch [23/100] Train Loss: 1.2151, Train Acc: 64.98%, Test Loss: 1.4296, Test Acc: 62.28%
Epoch [24/100] Train Loss: 1.1948, Train Acc: 65.40%, Test Loss: 1.4513, Test Acc: 62.21%
Epoch [25/100] Train Loss: 1.1813, Train Acc: 65.81%, Test Loss: 1.3490, Test Acc: 63.17%
Epoch [26/100] Train Loss: 1.1603, Train Acc: 66.29%, Test Loss: 1.3808, Test Acc: 63.29%
Epoch [27/100] Train Loss: 1.1492, Train Acc: 66.75%, Test Loss: 1.3417, Test Acc: 64.32%
Epoch [28/100] Train Loss: 1.1353, Train Acc: 66.93%, Test Loss: 1.4029, Test Acc: 62.78%
Epoch [29/100] Train Loss: 1.1248, Train Acc: 67.26%, Test Loss: 1.3211, Test Acc: 64.98%
Epoch [30/100] Train Loss: 1.1122, Train Acc: 67.68%, Test Loss: 1.3459, Test Acc: 64.13%
Epoch [31/100] Train Loss: 1.0967, Train Acc: 68.04%, Test Loss: 1.3467, Test Acc: 64.46%
Epoch [32/100] Train Loss: 1.0877, Train Acc: 68.20%, Test Loss: 1.4228, Test Acc: 63.26%
Epoch [33/100] Train Loss: 1.0710, Train Acc: 68.62%, Test Loss: 1.3469, Test Acc: 64.75%
Epoch [34/100] Train Loss: 1.0684, Train Acc: 68.52%, Test Loss: 1.3355, Test Acc: 64.39%
Epoch [35/100] Train Loss: 1.0564, Train Acc: 69.04%, Test Loss: 1.3534, Test Acc: 64.61%
Epoch [36/100] Train Loss: 0.6532, Train Acc: 80.81%, Test Loss: 0.9974, Test Acc: 73.53%
Epoch [37/100] Train Loss: 0.5290, Train Acc: 84.53%, Test Loss: 0.9933, Test Acc: 74.39%
Epoch [38/100] Train Loss: 0.4788, Train Acc: 85.54%, Test Loss: 0.9952, Test Acc: 74.60%
Epoch [39/100] Train Loss: 0.4360, Train Acc: 86.94%, Test Loss: 0.9894, Test Acc: 74.66%
Epoch [40/100] Train Loss: 0.4034, Train Acc: 87.89%, Test Loss: 0.9704, Test Acc: 75.00%
Epoch [41/100] Train Loss: 0.3744, Train Acc: 88.67%, Test Loss: 1.0133, Test Acc: 74.76%
Epoch [42/100] Train Loss: 0.3506, Train Acc: 89.44%, Test Loss: 0.9902, Test Acc: 74.99%
Epoch [43/100] Train Loss: 0.3340, Train Acc: 89.87%, Test Loss: 1.0207, Test Acc: 74.82%
Epoch [44/100] Train Loss: 0.3086, Train Acc: 90.69%, Test Loss: 1.0361, Test Acc: 74.97%
Epoch [45/100] Train Loss: 0.2950, Train Acc: 91.02%, Test Loss: 1.0539, Test Acc: 74.89%
Epoch [46/100] Train Loss: 0.2754, Train Acc: 91.87%, Test Loss: 1.0479, Test Acc: 75.10%
Epoch [47/100] Train Loss: 0.2222, Train Acc: 93.79%, Test Loss: 1.0258, Test Acc: 76.13%
Early stopping triggered
Training completed. Best accuracy: 76.13%
Average epoch duration: 220.16 s
