Training Configuration:
Model: resnet50
Batch size: 32
Epochs: 100
Learning rate: 0.005
Weight decay: 0.0001
Scheduler: cosine
Pretrained: False
Device: cuda

Epoch [1/100] Train Loss: 4.2067, Train Acc: 6.52%, Test Loss: 6.7446, Test Acc: 10.20%
Epoch [2/100] Train Loss: 3.6273, Train Acc: 13.30%, Test Loss: 3.5112, Test Acc: 18.22%
Epoch [3/100] Train Loss: 3.2589, Train Acc: 19.76%, Test Loss: 3.1185, Test Acc: 24.12%
Epoch [4/100] Train Loss: 2.9249, Train Acc: 25.81%, Test Loss: 2.6769, Test Acc: 31.27%
Epoch [5/100] Train Loss: 2.6043, Train Acc: 32.09%, Test Loss: 2.3877, Test Acc: 37.25%
Epoch [6/100] Train Loss: 2.3197, Train Acc: 38.52%, Test Loss: 2.2607, Test Acc: 40.02%
Epoch [7/100] Train Loss: 2.1052, Train Acc: 42.82%, Test Loss: 2.0450, Test Acc: 45.97%
Epoch [8/100] Train Loss: 1.9164, Train Acc: 47.53%, Test Loss: 2.0045, Test Acc: 47.13%
Epoch [9/100] Train Loss: 1.7618, Train Acc: 51.21%, Test Loss: 1.7415, Test Acc: 52.75%
Epoch [10/100] Train Loss: 1.6282, Train Acc: 54.16%, Test Loss: 1.7231, Test Acc: 53.40%
Epoch [11/100] Train Loss: 1.5118, Train Acc: 57.13%, Test Loss: 1.5622, Test Acc: 56.65%
Epoch [12/100] Train Loss: 1.4157, Train Acc: 59.42%, Test Loss: 1.6145, Test Acc: 56.89%
Epoch [13/100] Train Loss: 1.3250, Train Acc: 61.65%, Test Loss: 1.4529, Test Acc: 60.06%
Epoch [14/100] Train Loss: 1.2422, Train Acc: 64.15%, Test Loss: 1.4565, Test Acc: 59.91%
Epoch [15/100] Train Loss: 1.1683, Train Acc: 65.60%, Test Loss: 1.4270, Test Acc: 61.33%
Epoch [16/100] Train Loss: 1.0960, Train Acc: 67.51%, Test Loss: 1.3473, Test Acc: 63.43%
Epoch [17/100] Train Loss: 1.0357, Train Acc: 69.01%, Test Loss: 1.3701, Test Acc: 62.85%
Epoch [18/100] Train Loss: 0.9721, Train Acc: 70.67%, Test Loss: 1.3756, Test Acc: 63.77%
Epoch [19/100] Train Loss: 0.9191, Train Acc: 72.23%, Test Loss: 1.3575, Test Acc: 64.13%
Epoch [20/100] Train Loss: 0.8684, Train Acc: 73.69%, Test Loss: 1.3554, Test Acc: 64.72%
Epoch [21/100] Train Loss: 0.8153, Train Acc: 75.06%, Test Loss: 1.3445, Test Acc: 65.53%
Epoch [22/100] Train Loss: 0.7758, Train Acc: 76.21%, Test Loss: 1.4044, Test Acc: 64.91%
Epoch [23/100] Train Loss: 0.7334, Train Acc: 77.32%, Test Loss: 1.3533, Test Acc: 65.30%
Epoch [24/100] Train Loss: 0.6823, Train Acc: 78.87%, Test Loss: 1.3343, Test Acc: 65.88%
Epoch [25/100] Train Loss: 0.6436, Train Acc: 79.73%, Test Loss: 1.3408, Test Acc: 66.68%
Epoch [26/100] Train Loss: 0.6037, Train Acc: 80.96%, Test Loss: 1.3307, Test Acc: 67.10%
Epoch [27/100] Train Loss: 0.5642, Train Acc: 81.99%, Test Loss: 1.3530, Test Acc: 67.45%
Epoch [28/100] Train Loss: 0.5200, Train Acc: 83.29%, Test Loss: 1.4251, Test Acc: 67.12%
Epoch [29/100] Train Loss: 0.4917, Train Acc: 84.19%, Test Loss: 1.3844, Test Acc: 67.35%
Epoch [30/100] Train Loss: 0.4622, Train Acc: 85.02%, Test Loss: 1.3651, Test Acc: 67.75%
Epoch [31/100] Train Loss: 0.4279, Train Acc: 86.13%, Test Loss: 1.4071, Test Acc: 67.31%
Epoch [32/100] Train Loss: 0.3928, Train Acc: 87.14%, Test Loss: 1.4003, Test Acc: 67.79%
Epoch [33/100] Train Loss: 0.3639, Train Acc: 88.02%, Test Loss: 1.4055, Test Acc: 68.60%
Early stopping triggered
Training completed. Best accuracy: 68.60%
Average epoch duration: 57.79 s
