Training Configuration:
Model: resnet50
Batch size: 8
Epochs: 100
Learning rate: 0.05
Weight decay: 0.0001
Scheduler: step
Pretrained: False
Device: cuda

Epoch [1/100] Train Loss: 4.5698, Train Acc: 2.41%, Test Loss: 4.4596, Test Acc: 4.10%
Epoch [2/100] Train Loss: 4.1572, Train Acc: 5.67%, Test Loss: 4.0621, Test Acc: 9.52%
Epoch [3/100] Train Loss: 3.8674, Train Acc: 9.86%, Test Loss: 3.8041, Test Acc: 13.63%
Epoch [4/100] Train Loss: 3.5696, Train Acc: 15.01%, Test Loss: 3.5706, Test Acc: 19.08%
Epoch [5/100] Train Loss: 3.3329, Train Acc: 19.13%, Test Loss: 3.2027, Test Acc: 23.85%
Epoch [6/100] Train Loss: 3.1207, Train Acc: 23.09%, Test Loss: 3.0067, Test Acc: 26.17%
Epoch [7/100] Train Loss: 2.9554, Train Acc: 26.08%, Test Loss: 2.8020, Test Acc: 30.94%
Epoch [8/100] Train Loss: 2.8056, Train Acc: 29.33%, Test Loss: 2.6580, Test Acc: 32.94%
Epoch [9/100] Train Loss: 2.6575, Train Acc: 32.22%, Test Loss: 2.6080, Test Acc: 34.29%
Epoch [10/100] Train Loss: 2.5480, Train Acc: 34.24%, Test Loss: 2.5262, Test Acc: 36.83%
Epoch [11/100] Train Loss: 2.4545, Train Acc: 36.22%, Test Loss: 2.2844, Test Acc: 40.80%
Epoch [12/100] Train Loss: 2.3449, Train Acc: 38.50%, Test Loss: 2.2419, Test Acc: 42.54%
Epoch [13/100] Train Loss: 2.2694, Train Acc: 40.16%, Test Loss: 2.1444, Test Acc: 44.62%
Epoch [14/100] Train Loss: 2.2006, Train Acc: 41.72%, Test Loss: 2.1055, Test Acc: 45.48%
Epoch [15/100] Train Loss: 2.1474, Train Acc: 42.88%, Test Loss: 2.2913, Test Acc: 42.31%
Epoch [16/100] Train Loss: 2.1035, Train Acc: 43.70%, Test Loss: 2.0962, Test Acc: 45.07%
Epoch [17/100] Train Loss: 2.0591, Train Acc: 44.91%, Test Loss: 1.9287, Test Acc: 48.29%
Epoch [18/100] Train Loss: 2.0173, Train Acc: 45.85%, Test Loss: 2.0969, Test Acc: 46.54%
Epoch [19/100] Train Loss: 1.9808, Train Acc: 46.54%, Test Loss: 1.9524, Test Acc: 48.67%
Epoch [20/100] Train Loss: 1.9455, Train Acc: 47.43%, Test Loss: 1.8918, Test Acc: 50.50%
Epoch [21/100] Train Loss: 1.9241, Train Acc: 48.04%, Test Loss: 1.9261, Test Acc: 49.79%
Epoch [22/100] Train Loss: 1.8887, Train Acc: 48.86%, Test Loss: 1.9132, Test Acc: 49.57%
Epoch [23/100] Train Loss: 1.8691, Train Acc: 48.99%, Test Loss: 1.9106, Test Acc: 50.04%
Epoch [24/100] Train Loss: 1.8531, Train Acc: 49.46%, Test Loss: 1.9589, Test Acc: 50.01%
Epoch [25/100] Train Loss: 1.8376, Train Acc: 49.85%, Test Loss: 1.8698, Test Acc: 50.20%
Epoch [26/100] Train Loss: 1.8200, Train Acc: 50.07%, Test Loss: 1.9257, Test Acc: 49.91%
Epoch [27/100] Train Loss: 1.8148, Train Acc: 50.43%, Test Loss: 2.0705, Test Acc: 48.59%
Epoch [28/100] Train Loss: 1.7999, Train Acc: 50.78%, Test Loss: 1.9020, Test Acc: 50.30%
Epoch [29/100] Train Loss: 1.7833, Train Acc: 51.10%, Test Loss: 1.8267, Test Acc: 52.23%
Epoch [30/100] Train Loss: 1.7671, Train Acc: 51.50%, Test Loss: 1.7752, Test Acc: 53.63%
Epoch [31/100] Train Loss: 1.2189, Train Acc: 65.36%, Test Loss: 1.2621, Test Acc: 65.35%
Epoch [32/100] Train Loss: 1.0654, Train Acc: 69.10%, Test Loss: 1.2042, Test Acc: 66.69%
Epoch [33/100] Train Loss: 0.9940, Train Acc: 71.25%, Test Loss: 1.1991, Test Acc: 67.36%
Epoch [34/100] Train Loss: 0.9398, Train Acc: 72.60%, Test Loss: 1.1836, Test Acc: 67.49%
Epoch [35/100] Train Loss: 0.8969, Train Acc: 73.76%, Test Loss: 1.1741, Test Acc: 67.97%
Epoch [36/100] Train Loss: 0.8628, Train Acc: 74.70%, Test Loss: 1.1788, Test Acc: 68.01%
Epoch [37/100] Train Loss: 0.8340, Train Acc: 75.46%, Test Loss: 1.1779, Test Acc: 68.57%
Epoch [38/100] Train Loss: 0.8080, Train Acc: 75.90%, Test Loss: 1.1743, Test Acc: 68.40%
Epoch [39/100] Train Loss: 0.7817, Train Acc: 76.58%, Test Loss: 1.1727, Test Acc: 68.24%
Epoch [40/100] Train Loss: 0.7638, Train Acc: 77.26%, Test Loss: 1.2128, Test Acc: 67.88%
Epoch [41/100] Train Loss: 0.7437, Train Acc: 77.73%, Test Loss: 1.2459, Test Acc: 67.29%
Epoch [42/100] Train Loss: 0.7253, Train Acc: 78.47%, Test Loss: 1.1800, Test Acc: 68.72%
Epoch [43/100] Train Loss: 0.7162, Train Acc: 78.16%, Test Loss: 1.2274, Test Acc: 67.81%
Epoch [44/100] Train Loss: 0.6975, Train Acc: 78.90%, Test Loss: 1.2580, Test Acc: 67.44%
Epoch [45/100] Train Loss: 0.6807, Train Acc: 79.50%, Test Loss: 1.2453, Test Acc: 68.39%
Epoch [46/100] Train Loss: 0.6760, Train Acc: 79.49%, Test Loss: 1.1788, Test Acc: 69.00%
Early stopping triggered
Training completed. Best accuracy: 69.00%
Average epoch duration: 251.21 s
