Training Configuration:
Model: resnet50
Batch size: 8
Epochs: 100
Learning rate: 0.005
Weight decay: 0.0001
Scheduler: step
Pretrained: False
Device: cuda

Epoch [1/100] Train Loss: 4.3163, Train Acc: 4.89%, Test Loss: 4.6160, Test Acc: 8.86%
Epoch [2/100] Train Loss: 3.7588, Train Acc: 11.46%, Test Loss: 3.3873, Test Acc: 17.92%
Epoch [3/100] Train Loss: 3.2804, Train Acc: 19.45%, Test Loss: 2.8640, Test Acc: 27.87%
Epoch [4/100] Train Loss: 2.7958, Train Acc: 28.75%, Test Loss: 2.4846, Test Acc: 36.69%
Epoch [5/100] Train Loss: 2.3863, Train Acc: 36.80%, Test Loss: 2.2790, Test Acc: 43.10%
Epoch [6/100] Train Loss: 2.0948, Train Acc: 43.79%, Test Loss: 1.8661, Test Acc: 49.26%
Epoch [7/100] Train Loss: 1.8820, Train Acc: 48.69%, Test Loss: 1.7831, Test Acc: 52.17%
Epoch [8/100] Train Loss: 1.7145, Train Acc: 52.24%, Test Loss: 1.6549, Test Acc: 55.11%
Epoch [9/100] Train Loss: 1.5772, Train Acc: 55.55%, Test Loss: 1.5591, Test Acc: 56.86%
Epoch [10/100] Train Loss: 1.4709, Train Acc: 58.44%, Test Loss: 1.5260, Test Acc: 58.59%
Epoch [11/100] Train Loss: 1.3788, Train Acc: 60.53%, Test Loss: 1.4799, Test Acc: 60.61%
Epoch [12/100] Train Loss: 1.2869, Train Acc: 62.73%, Test Loss: 1.3891, Test Acc: 62.17%
Epoch [13/100] Train Loss: 1.2230, Train Acc: 64.75%, Test Loss: 1.4013, Test Acc: 62.79%
Epoch [14/100] Train Loss: 1.1584, Train Acc: 66.19%, Test Loss: 1.3222, Test Acc: 64.06%
Epoch [15/100] Train Loss: 1.0970, Train Acc: 67.91%, Test Loss: 1.3567, Test Acc: 63.84%
Epoch [16/100] Train Loss: 1.0453, Train Acc: 69.34%, Test Loss: 1.3608, Test Acc: 63.94%
Epoch [17/100] Train Loss: 0.9932, Train Acc: 70.39%, Test Loss: 1.2459, Test Acc: 66.19%
Epoch [18/100] Train Loss: 0.9519, Train Acc: 71.64%, Test Loss: 1.2475, Test Acc: 66.69%
Epoch [19/100] Train Loss: 0.9114, Train Acc: 72.61%, Test Loss: 1.2210, Test Acc: 67.28%
Epoch [20/100] Train Loss: 0.8800, Train Acc: 73.56%, Test Loss: 1.2151, Test Acc: 68.50%
Epoch [21/100] Train Loss: 0.8370, Train Acc: 74.72%, Test Loss: 1.2269, Test Acc: 68.21%
Epoch [22/100] Train Loss: 0.8117, Train Acc: 75.49%, Test Loss: 1.1726, Test Acc: 69.17%
Epoch [23/100] Train Loss: 0.7802, Train Acc: 76.45%, Test Loss: 1.2128, Test Acc: 68.72%
Epoch [24/100] Train Loss: 0.7515, Train Acc: 77.19%, Test Loss: 1.2443, Test Acc: 68.06%
Epoch [25/100] Train Loss: 0.7241, Train Acc: 77.57%, Test Loss: 1.2187, Test Acc: 69.09%
Epoch [26/100] Train Loss: 0.7051, Train Acc: 78.45%, Test Loss: 1.1881, Test Acc: 69.59%
Epoch [27/100] Train Loss: 0.6806, Train Acc: 79.02%, Test Loss: 1.2449, Test Acc: 69.63%
Epoch [28/100] Train Loss: 0.6610, Train Acc: 79.53%, Test Loss: 1.2291, Test Acc: 69.57%
Epoch [29/100] Train Loss: 0.6434, Train Acc: 80.14%, Test Loss: 1.2410, Test Acc: 69.53%
Early stopping triggered
Training completed. Best accuracy: 69.63%
Average epoch duration: 289.77 s
